
   4 Populations

Fitch-Margoliash method with contemporary tips, version 3.573c

                  __ __             2
                  \  \   (Obs - Exp)
Sum of squares =  /_ /_  ------------
                                2
                   i  j      Obs

negative branch lengths not allowed




               +----------------------------------------------1fas@1.8.8
       +-------3  
  +----2       +----------------------------------------------2ctx@2.4.4
  !    !  
--1    +-----------------------------------------------------1nbt@1.0.0
  !  
  +-----------------------------------------------------------2abx@2.5.5


Sum of squares =      0.140

Average percent standard deviation =  11.82646

examined   39 trees

From    To           Length          Time
----    --           ------          ----

   3  1fas@1.8.8    220.88000      283.27043
   2     3           37.03136       62.39043
   3  2ctx@2.4.4    220.88000      283.27043
   1     2           25.35907       25.35907
   2  1nbt@1.0.0    257.91136      283.27043
   1  2abx@2.5.5    283.27043      283.27043

