/auto/volva.data/www/EMBnet/cgi-src/Grid/php::ssh/src/ssh.php:34: Warning: namespace SExec already has a detailed description. Skipping the documentation found here.
/auto/volva.data/www/EMBnet/cgi-src/Grid/php::ssh/src/ssh.php:34: Warning: namespace SExec already has a brief description. Skipping the documentation found here.
/auto/volva.data/www/EMBnet/cgi-src/Grid/php::ssh/src/ssh.php:204: Warning: namespace SExec already has a detailed description. Skipping the documentation found here.
/auto/volva.data/www/EMBnet/cgi-src/Grid/php::ssh/src/ssh.php:204: Warning: namespace SExec already has a brief description. Skipping the documentation found here.
/auto/volva.data/www/EMBnet/cgi-src/Grid/php::ssh/src/ssh_test.php:5: Warning: namespace SExec already has a detailed description. Skipping the documentation found here.
/auto/volva.data/www/EMBnet/cgi-src/Grid/php::ssh/src/ssh_test.php:5: Warning: namespace SExec already has a brief description. Skipping the documentation found here.
/auto/volva.data/www/EMBnet/cgi-src/Grid/php::ssh/src/util.php:158: Warning: Found unknown command `\host'
/auto/volva.data/www/EMBnet/cgi-src/Grid/php::ssh/src/remotessh.php:4: Warning: Found unknown command `\copyright'
/auto/volva.data/www/EMBnet/cgi-src/Grid/php::ssh/src/remotessh.php:4: Warning: Found unknown command `\copyright'
/auto/volva.data/www/EMBnet/cgi-src/Grid/php::ssh/src/util.php:158: Warning: Found unknown command `\host'
Searching for include files...
Searching for example files...
Searching for images...
Searching for dot files...
Searching for files to exclude
Reading input files...
Reading and parsing tag files
Preprocessing /auto/volva.data/www/EMBnet/cgi-src/Grid/php::ssh/src/remotessh.php...
Preprocessing /auto/volva.data/www/EMBnet/cgi-src/Grid/php::ssh/src/ssh.php...
Preprocessing /auto/volva.data/www/EMBnet/cgi-src/Grid/php::ssh/src/ssh_test.php...
Preprocessing /auto/volva.data/www/EMBnet/cgi-src/Grid/php::ssh/src/test-pers.php...
Preprocessing /auto/volva.data/www/EMBnet/cgi-src/Grid/php::ssh/src/util.php...
Read 65572 bytes
Parsing input...
Parsing file /auto/volva.data/www/EMBnet/cgi-src/Grid/php::ssh/src/remotessh.php...
Parsing file /auto/volva.data/www/EMBnet/cgi-src/Grid/php::ssh/src/ssh.php...
Parsing file /auto/volva.data/www/EMBnet/cgi-src/Grid/php::ssh/src/ssh_test.php...
Parsing file /auto/volva.data/www/EMBnet/cgi-src/Grid/php::ssh/src/test-pers.php...
Parsing file /auto/volva.data/www/EMBnet/cgi-src/Grid/php::ssh/src/util.php...
Freeing input...
Building group list...
Building namespace list...
Building file list...
Searching for included using directives...
Building class list...
Building example list...
Searching for documented variables...
Building member list...
Searching for friends...
Searching for documented defines...
Computing template instances...
Creating members for template instances...
Computing class relations...
Searching for enumerations...
Searching for member function documentation...
Searching for members imported via using declarations...
Building page list...
Search for main page...
Sorting lists...
Freeing entry tree
Determining which enums are documented
Computing member relations...
Building full member lists recursively...
Adding members to member groups.
Computing member references...
Inheriting documentation...
Generating disk names...
Adding source references...
Adding todo/test/bug list items...
Counting data structures...
Resolving user defined references...
Combining using relations...
Finding anchors and sections in the documentation...
Generating index page...
Generating file index...
Generating example documentation...
Generating file sources...
Generating code for file remotessh.php...
Generating code for file ssh.php...
Generating code for file ssh_test.php...
Generating code for file test-pers.php...
Generating code for file util.php...
Generating file documentation...
Generating docs for file remotessh.php...
Generating docs for file ssh.php...
Generating docs for file ssh_test.php...
Generating docs for file test-pers.php...
Generating docs for file util.php...
Generating class documentation...
Generating annotated compound index...
Generating alphabetical compound index...
Generating hierarchical class index...
Generating member index...
Generating page documentation...
Generating group documentation...
Generating namespace index...
Generating docs for namespace SExec
Generating group index...
Generating example index...
Generating file member index...
Generating namespace member index...
Generating page index...
Generating graph info page...
Generating style sheet...
Combining RTF output...
Generating XML output...
Generating XML output for namespace SExec
Generating XML output for file remotessh.php
Generating XML output for file ssh.php
Generating XML output for file ssh_test.php
Generating XML output for file test-pers.php
Generating XML output for file util.php
