Parsing configuration file phpDocumentor.ini...
done
using experimental tokenizer Parser


Grabbing README/INSTALL/CHANGELOG

done


Tutorial/Extended Documentation Parsing Stage

done


General Parsing Stage

Reading file /root/GridGRAMM/script/CVS/Root -- File not parsed, not a php file
Reading file /root/GridGRAMM/script/CVS/Repository -- File not parsed, not a php file
Reading file /root/GridGRAMM/script/CVS/Entries -- File not parsed, not a php file
Reading file /root/GridGRAMM/script/auth.php -- Parsing file
WARNING in auth.php on line 146: File "/root/GridGRAMM/script/auth.php" has no page-level DocBlock, use @package in the first DocBlock to create one
Reading file /root/GridGRAMM/script/functions.php -- Parsing file
WARNING in functions.php on line 99: Unknown tag "@note" used
Reading file /root/GridGRAMM/script/kkk.php -- Parsing file
WARNING in kkk.php on line 47: File "/root/GridGRAMM/script/kkk.php" has no page-level DocBlock, use @package in the first DocBlock to create one
Reading file /root/GridGRAMM/script/processor.php -- Parsing file
Reading file /root/GridGRAMM/script/results.php -- Parsing file
Reading file /root/GridGRAMM/script/variables.php -- Parsing file
Reading file /root/GridGRAMM/script/gramm/CVS/Root -- File not parsed, not a php file
Reading file /root/GridGRAMM/script/gramm/CVS/Repository -- File not parsed, not a php file
Reading file /root/GridGRAMM/script/gramm/CVS/Entries -- File not parsed, not a php file
Reading file /root/GridGRAMM/script/gramm/ang10.dat -- File not parsed, not a php file
Reading file /root/GridGRAMM/script/gramm/ang12.dat -- File not parsed, not a php file
Reading file /root/GridGRAMM/script/gramm/ang15.dat -- File not parsed, not a php file
Reading file /root/GridGRAMM/script/gramm/ang18.dat -- File not parsed, not a php file
Reading file /root/GridGRAMM/script/gramm/ang20.dat -- File not parsed, not a php file
Reading file /root/GridGRAMM/script/gramm/ang30.dat -- File not parsed, not a php file
Reading file /root/GridGRAMM/script/gramm/gramm -- File not parsed, not a php file
Reading file /root/GridGRAMM/script/gramm/gramm.sh -- File not parsed, not a php file
done

Converting From Abstract Parsed Data

Processing Class Inheritance


Processing Root Trees


Processing leftover classes (classes that extend root classes not found in the same package)
done processing leftover classes

Processing Procedural Page Element Name Conflicts


Sorting page elements...done
Formatting @uses list...done

creating /root/GridGRAMM/doc/pDoc/media
copying /root/GridGRAMM/doc/pDoc/media/layout.css
copying /root/GridGRAMM/doc/pDoc/media/print.css
copying /root/GridGRAMM/doc/pDoc/media/style.css
Building indexes...done

Sorting Indexes...done

Sorting @todo list...done
Converting tutorials/extended docs
Formatting Package Indexes...    Writing /root/GridGRAMM/doc/pDoc/elementindex_GridGRAMM.html

done
Formatting Index...
    Writing /root/GridGRAMM/doc/pDoc/elementindex.html

    Writing /root/GridGRAMM/doc/pDoc/li_GridGRAMM.html

    Writing /root/GridGRAMM/doc/pDoc/index.html
done

Formatting Left Quick Index...
    Writing /root/GridGRAMM/doc/pDoc/classtrees_GridGRAMM.html

done

Converting /root/GridGRAMM/script/auth.php Procedural Page Elements... Classes... done
    Writing /root/GridGRAMM/doc/pDoc/GridGRAMM/_auth_php.html
Converting /root/GridGRAMM/script/functions.php Procedural Page Elements... Classes... done
    Writing /root/GridGRAMM/doc/pDoc/GridGRAMM/_functions_php.html
Converting /root/GridGRAMM/script/kkk.php Procedural Page Elements... Classes... done
    Writing /root/GridGRAMM/doc/pDoc/GridGRAMM/_kkk_php.html
Converting /root/GridGRAMM/script/processor.php Procedural Page Elements... Classes... done
    Writing /root/GridGRAMM/doc/pDoc/GridGRAMM/_processor_php.html
Converting /root/GridGRAMM/script/results.php Procedural Page Elements... Classes... done
    Writing /root/GridGRAMM/doc/pDoc/GridGRAMM/_results_php.html
Converting /root/GridGRAMM/script/variables.php Procedural Page Elements... Classes... done
    Writing /root/GridGRAMM/doc/pDoc/GridGRAMM/_variables_php.html

Converting @todo List...done

Converting Error Log...    Writing /root/GridGRAMM/doc/pDoc/errors.html


To view errors and warnings, look at /root/GridGRAMM/doc/pDoc/errors.html
done

Parsing time: 1 seconds

Conversion time: 3 seconds

Total Documentation Time: 4 seconds
done
