/auto/data/www/EMBnet/cgi-src/Grid/GridGRAMM/script/processor.php:30: Warning: namespace GridGRAMM already has a detailed description. Skipping the documentation found here.
/auto/data/www/EMBnet/cgi-src/Grid/GridGRAMM/script/processor.php:30: Warning: namespace GridGRAMM already has a brief description. Skipping the documentation found here.
/auto/data/www/EMBnet/cgi-src/Grid/GridGRAMM/script/results.php:17: Warning: namespace GridGRAMM already has a detailed description. Skipping the documentation found here.
/auto/data/www/EMBnet/cgi-src/Grid/GridGRAMM/script/results.php:17: Warning: namespace GridGRAMM already has a brief description. Skipping the documentation found here.
/auto/data/www/EMBnet/cgi-src/Grid/GridGRAMM/script/variables.php:5: Warning: namespace GridGRAMM already has a detailed description. Skipping the documentation found here.
/auto/data/www/EMBnet/cgi-src/Grid/GridGRAMM/script/variables.php:5: Warning: namespace GridGRAMM already has a brief description. Skipping the documentation found here.
/auto/data/www/EMBnet/cgi-src/Grid/GridGRAMM/script/processor.php:56: Warning: Found unknown command `\global'
/auto/data/www/EMBnet/cgi-src/Grid/GridGRAMM/script/results.php:31: Warning: Found unknown command `\global'
/auto/data/www/EMBnet/cgi-src/Grid/GridGRAMM/script/variables.php:11: Warning: Found unknown command `\global'
/auto/data/www/EMBnet/cgi-src/Grid/GridGRAMM/script/variables.php:17: Warning: Found unknown command `\global'
/auto/data/www/EMBnet/cgi-src/Grid/GridGRAMM/script/variables.php:23: Warning: Found unknown command `\global'
/auto/data/www/EMBnet/cgi-src/Grid/GridGRAMM/script/variables.php:34: Warning: Found unknown command `\global'
/auto/data/www/EMBnet/cgi-src/Grid/GridGRAMM/script/variables.php:23: Warning: Found unknown command `\global'
/auto/data/www/EMBnet/cgi-src/Grid/GridGRAMM/script/variables.php:17: Warning: Found unknown command `\global'
/auto/data/www/EMBnet/cgi-src/Grid/GridGRAMM/script/variables.php:11: Warning: Found unknown command `\global'
/auto/data/www/EMBnet/cgi-src/Grid/GridGRAMM/script/functions.php:6: Warning: Found unknown command `\copyright'
/auto/data/www/EMBnet/cgi-src/Grid/GridGRAMM/script/functions.php:6: Warning: Found unknown command `\copyright'
/auto/data/www/EMBnet/cgi-src/Grid/GridGRAMM/script/processor.php:56: Warning: Found unknown command `\global'
/auto/data/www/EMBnet/cgi-src/Grid/GridGRAMM/script/results.php:31: Warning: Found unknown command `\global'
/auto/data/www/EMBnet/cgi-src/Grid/GridGRAMM/script/variables.php:11: Warning: Found unknown command `\global'
/auto/data/www/EMBnet/cgi-src/Grid/GridGRAMM/script/variables.php:17: Warning: Found unknown command `\global'
/auto/data/www/EMBnet/cgi-src/Grid/GridGRAMM/script/variables.php:23: Warning: Found unknown command `\global'
/auto/data/www/EMBnet/cgi-src/Grid/GridGRAMM/script/variables.php:34: Warning: Found unknown command `\global'
Searching for include files...
Searching for example files...
Searching for images...
Searching for dot files...
Searching for files to exclude
Reading input files...
Reading and parsing tag files
Preprocessing /auto/data/www/EMBnet/cgi-src/Grid/GridGRAMM/script/auth.php...
Preprocessing /auto/data/www/EMBnet/cgi-src/Grid/GridGRAMM/script/functions.php...
Preprocessing /auto/data/www/EMBnet/cgi-src/Grid/GridGRAMM/script/processor.php...
Preprocessing /auto/data/www/EMBnet/cgi-src/Grid/GridGRAMM/script/results.php...
Preprocessing /auto/data/www/EMBnet/cgi-src/Grid/GridGRAMM/script/variables.php...
Read 27754 bytes
Parsing input...
Parsing file /auto/data/www/EMBnet/cgi-src/Grid/GridGRAMM/script/auth.php...
Parsing file /auto/data/www/EMBnet/cgi-src/Grid/GridGRAMM/script/functions.php...
Parsing file /auto/data/www/EMBnet/cgi-src/Grid/GridGRAMM/script/processor.php...
Parsing file /auto/data/www/EMBnet/cgi-src/Grid/GridGRAMM/script/results.php...
Parsing file /auto/data/www/EMBnet/cgi-src/Grid/GridGRAMM/script/variables.php...
Freeing input...
Building group list...
Building namespace list...
Building file list...
Searching for included using directives...
Building class list...
Building example list...
Searching for documented variables...
Building member list...
Searching for friends...
Searching for documented defines...
Computing template instances...
Creating members for template instances...
Computing class relations...
Searching for enumerations...
Searching for member function documentation...
Searching for members imported via using declarations...
Building page list...
Search for main page...
Sorting lists...
Freeing entry tree
Determining which enums are documented
Computing member relations...
Building full member lists recursively...
Adding members to member groups.
Computing member references...
Inheriting documentation...
Adding source references...
Adding todo/test/bug list items...
Counting data structures...
Generating disk names...
Resolving user defined references...
Combining using relations...
Finding anchors and sections in the documentation...
Generating index page...
Generating file index...
Generating example documentation...
Generating file sources...
Generating code for file auth.php...
Generating code for file functions.php...
Generating code for file processor.php...
Generating code for file results.php...
Generating code for file variables.php...
Generating file documentation...
Generating docs for file auth.php...
Generating docs for file functions.php...
Generating docs for file processor.php...
Generating docs for file results.php...
Generating docs for file variables.php...
Generating class documentation...
Generating annotated compound index...
Generating alphabetical compound index...
Generating hierarchical class index...
Generating member index...
Generating page documentation...
Generating group documentation...
Generating namespace index...
Generating docs for namespace GridGRAMM
Generating group index...
Generating example index...
Generating file member index...
Generating namespace member index...
Generating page index...
Generating graph info page...
Generating style sheet...
Combining RTF output...
Generating XML output...
Generating XML output for namespace GridGRAMM
Generating XML output for file auth.php
Generating XML output for file functions.php
Generating XML output for file processor.php
Generating XML output for file results.php
Generating XML output for file variables.php
