PHPXref 0.4.1 
(c) Gareth Watts 2003

Processing GridGRAMM v1.00...
Source.............: /auto/data/www/EMBnet/cgi-src/Grid/GridGRAMM/doc/../script
Target.............: /auto/data/www/EMBnet/cgi-src/Grid/GridGRAMM/doc/pXref
Scanning Tree......: OK - 13 files to process
Pass One...........: 0%..30%..100%
Generating Output..: 0%..30%..100%
Variable references: 0%..60%..70%..80%..90%..100%
Function references: 0%..10%..20%..40%..50%..60%..70%..90%..100%
Class references...: 
Table references...: 

Summary statistics:
Files Scanned: 13
41 variable names in 61 definitions and 282 references.
64 function/method names in 13 definitions and 255 references.
0 class names in 0 definitions and 0 references.
0 table names in 0 references.

Local front page URL: file:///auto/data/www/EMBnet/cgi-src/Grid/GridGRAMM/doc/pXref/index.html

Done.
