/mnt/data/www/EMBnet/cgi-src/Grid/GridGRAMM/script/processor.php:30: Warning: namespace GridGRAMM already has a detailed description. Skipping the documentation found here.
/mnt/data/www/EMBnet/cgi-src/Grid/GridGRAMM/script/processor.php:30: Warning: namespace GridGRAMM already has a brief description. Skipping the documentation found here.
/mnt/data/www/EMBnet/cgi-src/Grid/GridGRAMM/script/results.php:17: Warning: namespace GridGRAMM already has a detailed description. Skipping the documentation found here.
/mnt/data/www/EMBnet/cgi-src/Grid/GridGRAMM/script/results.php:17: Warning: namespace GridGRAMM already has a brief description. Skipping the documentation found here.
/mnt/data/www/EMBnet/cgi-src/Grid/GridGRAMM/script/variables.php:5: Warning: namespace GridGRAMM already has a detailed description. Skipping the documentation found here.
/mnt/data/www/EMBnet/cgi-src/Grid/GridGRAMM/script/variables.php:5: Warning: namespace GridGRAMM already has a brief description. Skipping the documentation found here.
/mnt/data/www/EMBnet/cgi-src/Grid/GridGRAMM/script/grid.php:827: Warning: argument `pipes' of command @param is not found in the argument list of destroy()
/mnt/data/www/EMBnet/cgi-src/Grid/GridGRAMM/script/processor.php:56: Warning: Found unknown command `\global'
/mnt/data/www/EMBnet/cgi-src/Grid/GridGRAMM/script/results.php:31: Warning: Found unknown command `\global'
/mnt/data/www/EMBnet/cgi-src/Grid/GridGRAMM/script/variables.php:11: Warning: Found unknown command `\global'
/mnt/data/www/EMBnet/cgi-src/Grid/GridGRAMM/script/variables.php:17: Warning: Found unknown command `\global'
/mnt/data/www/EMBnet/cgi-src/Grid/GridGRAMM/script/variables.php:23: Warning: Found unknown command `\global'
/mnt/data/www/EMBnet/cgi-src/Grid/GridGRAMM/script/variables.php:29: Warning: Found unknown command `\global'
/mnt/data/www/EMBnet/cgi-src/Grid/GridGRAMM/script/variables.php:29: Warning: Found unknown command `\global'
/mnt/data/www/EMBnet/cgi-src/Grid/GridGRAMM/script/variables.php:40: Warning: Found unknown command `\global'
/mnt/data/www/EMBnet/cgi-src/Grid/GridGRAMM/script/variables.php:23: Warning: Found unknown command `\global'
/mnt/data/www/EMBnet/cgi-src/Grid/GridGRAMM/script/variables.php:17: Warning: Found unknown command `\global'
/mnt/data/www/EMBnet/cgi-src/Grid/GridGRAMM/script/variables.php:11: Warning: Found unknown command `\global'
/mnt/data/www/EMBnet/cgi-src/Grid/GridGRAMM/script/grid.php:648: Warning: argument `pipes' of command @param is not found in the argument list of Grid::pdestroy()
/mnt/data/www/EMBnet/cgi-src/Grid/GridGRAMM/script/grid.php:301: Warning: argument `work_dir' of command @param is not found in the argument list of Grid::set_work_dir($wd)
/mnt/data/www/EMBnet/cgi-src/Grid/GridGRAMM/script/grid.php:301: Warning: The following parameters of Grid::set_work_dir($wd) are not documented:
  parameter wd

/mnt/data/www/EMBnet/cgi-src/Grid/GridGRAMM/script/ssh.php:171: Warning: Found unknown command `\parm'
/mnt/data/www/EMBnet/cgi-src/Grid/GridGRAMM/script/ssh.php:150: Warning: The following parameters of SExec::ssh_copy($origin,$destination,$password) are not documented:
  parameter password

/mnt/data/www/EMBnet/cgi-src/Grid/GridGRAMM/script/ssh.php:108: Warning: Found unknown command `\host'
/mnt/data/www/EMBnet/cgi-src/Grid/GridGRAMM/script/ssh.php:93: Warning: argument `output' of command @param is not found in the argument list of SExec::ssh_exec($remote,$password,$command,&$out)
/mnt/data/www/EMBnet/cgi-src/Grid/GridGRAMM/script/ssh.php:93: Warning: The following parameters of SExec::ssh_exec($remote,$password,$command,&$out) are not documented:
  parameter out

/mnt/data/www/EMBnet/cgi-src/Grid/GridGRAMM/script/ssh.php:211: Warning: Found unknown command `\host'
/mnt/data/www/EMBnet/cgi-src/Grid/GridGRAMM/script/ssh.php:44: Warning: Found unknown command `\host'
/mnt/data/www/EMBnet/cgi-src/Grid/GridGRAMM/script/functions.php:6: Warning: Found unknown command `\copyright'
Searching for include files...
Searching for example files...
Searching for images...
Searching for dot files...
Searching for files to exclude
Reading input files...
Reading and parsing tag files
Preprocessing /mnt/data/www/EMBnet/cgi-src/Grid/GridGRAMM/script/auth.php...
Preprocessing /mnt/data/www/EMBnet/cgi-src/Grid/GridGRAMM/script/functions.php...
Preprocessing /mnt/data/www/EMBnet/cgi-src/Grid/GridGRAMM/script/grid.php...
Preprocessing /mnt/data/www/EMBnet/cgi-src/Grid/GridGRAMM/script/grid_test.php...
Preprocessing /mnt/data/www/EMBnet/cgi-src/Grid/GridGRAMM/script/processor.php...
Preprocessing /mnt/data/www/EMBnet/cgi-src/Grid/GridGRAMM/script/results.php...
Preprocessing /mnt/data/www/EMBnet/cgi-src/Grid/GridGRAMM/script/ssh.php...
Preprocessing /mnt/data/www/EMBnet/cgi-src/Grid/GridGRAMM/script/ssh_test.php...
Preprocessing /mnt/data/www/EMBnet/cgi-src/Grid/GridGRAMM/script/variables.php...
Read 81235 bytes
Parsing input...
Parsing file /mnt/data/www/EMBnet/cgi-src/Grid/GridGRAMM/script/auth.php...
Parsing file /mnt/data/www/EMBnet/cgi-src/Grid/GridGRAMM/script/functions.php...
Parsing file /mnt/data/www/EMBnet/cgi-src/Grid/GridGRAMM/script/grid.php...
Parsing file /mnt/data/www/EMBnet/cgi-src/Grid/GridGRAMM/script/grid_test.php...
Parsing file /mnt/data/www/EMBnet/cgi-src/Grid/GridGRAMM/script/processor.php...
Parsing file /mnt/data/www/EMBnet/cgi-src/Grid/GridGRAMM/script/results.php...
Parsing file /mnt/data/www/EMBnet/cgi-src/Grid/GridGRAMM/script/ssh.php...
Parsing file /mnt/data/www/EMBnet/cgi-src/Grid/GridGRAMM/script/ssh_test.php...
Parsing file /mnt/data/www/EMBnet/cgi-src/Grid/GridGRAMM/script/variables.php...
Freeing input...
Building group list...
Building namespace list...
Building file list...
Searching for included using directives...
Building class list...
Building example list...
Searching for documented variables...
Building member list...
Searching for friends...
Searching for documented defines...
Computing template instances...
Creating members for template instances...
Computing class relations...
Searching for enumerations...
Searching for member function documentation...
Searching for members imported via using declarations...
Building page list...
Search for main page...
Sorting lists...
Freeing entry tree
Determining which enums are documented
Computing member relations...
Building full member lists recursively...
Adding members to member groups.
Computing member references...
Inheriting documentation...
Generating disk names...
Adding source references...
Adding todo/test/bug list items...
Counting data structures...
Resolving user defined references...
Combining using relations...
Finding anchors and sections in the documentation...
Generating index page...
Generating file index...
Generating example documentation...
Generating file sources...
Generating code for file auth.php...
Generating code for file functions.php...
Generating code for file grid.php...
Generating code for file grid_test.php...
Generating code for file processor.php...
Generating code for file results.php...
Generating code for file ssh.php...
Generating code for file ssh_test.php...
Generating code for file variables.php...
Generating file documentation...
Generating docs for file auth.php...
Generating docs for file functions.php...
Generating docs for file grid.php...
Generating docs for file grid_test.php...
Generating docs for file processor.php...
Generating docs for file results.php...
Generating docs for file ssh.php...
Generating docs for file ssh_test.php...
Generating docs for file variables.php...
Generating class documentation...
Generating annotated compound index...
Generating alphabetical compound index...
Generating hierarchical class index...
Generating member index...
Generating docs for compound Grid...
Generating docs for compound SExec...
Generating page documentation...
Generating group documentation...
Generating namespace index...
Generating docs for namespace GridGRAMM
Generating group index...
Generating example index...
Generating file member index...
Generating namespace member inde/mnt/data/www/EMBnet/cgi-src/Grid/GridGRAMM/script/grid.php:301: Warning: argument `work_dir' of command @param is not found in the argument list of Grid::set_work_dir($wd)
/mnt/data/www/EMBnet/cgi-src/Grid/GridGRAMM/script/grid.php:301: Warning: The following parameters of Grid::set_work_dir($wd) are not documented:
  parameter wd

/mnt/data/www/EMBnet/cgi-src/Grid/GridGRAMM/script/grid.php:648: Warning: argument `pipes' of command @param is not found in the argument list of Grid::pdestroy()
/mnt/data/www/EMBnet/cgi-src/Grid/GridGRAMM/script/ssh.php:44: Warning: Found unknown command `\host'
/mnt/data/www/EMBnet/cgi-src/Grid/GridGRAMM/script/ssh.php:108: Warning: Found unknown command `\host'
/mnt/data/www/EMBnet/cgi-src/Grid/GridGRAMM/script/ssh.php:93: Warning: argument `output' of command @param is not found in the argument list of SExec::ssh_exec($remote,$password,$command,&$out)
/mnt/data/www/EMBnet/cgi-src/Grid/GridGRAMM/script/ssh.php:93: Warning: The following parameters of SExec::ssh_exec($remote,$password,$command,&$out) are not documented:
  parameter out

/mnt/data/www/EMBnet/cgi-src/Grid/GridGRAMM/script/ssh.php:171: Warning: Found unknown command `\parm'
/mnt/data/www/EMBnet/cgi-src/Grid/GridGRAMM/script/ssh.php:150: Warning: The following parameters of SExec::ssh_copy($origin,$destination,$password) are not documented:
  parameter password

/mnt/data/www/EMBnet/cgi-src/Grid/GridGRAMM/script/ssh.php:211: Warning: Found unknown command `\host'
/mnt/data/www/EMBnet/cgi-src/Grid/GridGRAMM/script/functions.php:6: Warning: Found unknown command `\copyright'
/mnt/data/www/EMBnet/cgi-src/Grid/GridGRAMM/script/grid.php:827: Warning: argument `pipes' of command @param is not found in the argument list of destroy()
/mnt/data/www/EMBnet/cgi-src/Grid/GridGRAMM/script/processor.php:56: Warning: Found unknown command `\global'
/mnt/data/www/EMBnet/cgi-src/Grid/GridGRAMM/script/results.php:31: Warning: Found unknown command `\global'
/mnt/data/www/EMBnet/cgi-src/Grid/GridGRAMM/script/variables.php:11: Warning: Found unknown command `\global'
/mnt/data/www/EMBnet/cgi-src/Grid/GridGRAMM/script/variables.php:17: Warning: Found unknown command `\global'
/mnt/data/www/EMBnet/cgi-src/Grid/GridGRAMM/script/variables.php:23: Warning: Found unknown command `\global'
/mnt/data/www/EMBnet/cgi-src/Grid/GridGRAMM/script/variables.php:29: Warning: Found unknown command `\global'
/mnt/data/www/EMBnet/cgi-src/Grid/GridGRAMM/script/variables.php:40: Warning: Found unknown command `\global'
x...
Generating page index...
Generating graph info page...
Generating style sheet...
Combining RTF output...
Generating XML output...
Generating XML output for class Grid
Generating XML output for class SExec
Generating XML output for namespace GridGRAMM
Generating XML output for file auth.php
Generating XML output for file functions.php
Generating XML output for file grid.php
Generating XML output for file grid_test.php
Generating XML output for file processor.php
Generating XML output for file results.php
Generating XML output for file ssh.php
Generating XML output for file ssh_test.php
Generating XML output for file variables.php
