PHPXref 0.4.1 
(c) Gareth Watts 2003

Processing GridGRAMM v1.00...
Source.............: /mnt/data/www/EMBnet/cgi-src/Grid/GROCK/doc/../script
Target.............: /mnt/data/www/EMBnet/cgi-src/Grid/GROCK/doc/pXref
Scanning Tree......: OK - 36 files to process
Pass One...........: 0%..30%..50%..80%..100%
Generating Output..: 0%..30%..50%..80%..100%
Variable references: 0%..10%..20%..30%..40%..50%..60%..70%..80%..90%..100%
Function references: 0%..10%..20%..30%..40%..50%..60%..70%..80%..90%..100%
Class references...: 0%..30%..100%
Table references...: 

Some values were referenced in require and include statements
for which no value could be found in the configuration file so cross-referencing
may be incomplete: 
Unknown constant names (ref count): _ (1)

Summary statistics:
Files Scanned: 36
598 variable names in 1992 definitions and 13558 references.
456 function/method names in 326 definitions and 5796 references.
13 class names in 22 definitions and 75 references.
0 table names in 0 references.

Local front page URL: file:///mnt/data/www/EMBnet/cgi-src/Grid/GROCK/doc/pXref/index.html

Done.
