/mnt/data/www/EMBnet/cgi-src/Grid/php::grid/src/grid.php:213: Warning: namespace Grid already has a detailed description. Skipping the documentation found here.
/mnt/data/www/EMBnet/cgi-src/Grid/php::grid/src/grid.php:213: Warning: namespace Grid already has a brief description. Skipping the documentation found here.
/mnt/data/www/EMBnet/cgi-src/Grid/php::grid/src/ssh.php:204: Warning: namespace SExec already has a detailed description. Skipping the documentation found here.
/mnt/data/www/EMBnet/cgi-src/Grid/php::grid/src/ssh.php:204: Warning: namespace SExec already has a brief description. Skipping the documentation found here.
/mnt/data/www/EMBnet/cgi-src/Grid/php::grid/test/grid.php:24: Warning: namespace Grid already has a detailed description. Skipping the documentation found here.
/mnt/data/www/EMBnet/cgi-src/Grid/php::grid/test/grid.php:24: Warning: namespace Grid already has a brief description. Skipping the documentation found here.
/mnt/data/www/EMBnet/cgi-src/Grid/php::grid/test/grid.php:213: Warning: namespace Grid already has a detailed description. Skipping the documentation found here.
/mnt/data/www/EMBnet/cgi-src/Grid/php::grid/test/grid.php:213: Warning: namespace Grid already has a brief description. Skipping the documentation found here.
/mnt/data/www/EMBnet/cgi-src/Grid/php::grid/test/grid_config.php:28: Warning: namespace grock already has a detailed description. Skipping the documentation found here.
/mnt/data/www/EMBnet/cgi-src/Grid/php::grid/test/grid_config.php:28: Warning: namespace grock already has a brief description. Skipping the documentation found here.
/mnt/data/www/EMBnet/cgi-src/Grid/php::grid/test/ssh.php:34: Warning: namespace SExec already has a detailed description. Skipping the documentation found here.
/mnt/data/www/EMBnet/cgi-src/Grid/php::grid/test/ssh.php:34: Warning: namespace SExec already has a brief description. Skipping the documentation found here.
/mnt/data/www/EMBnet/cgi-src/Grid/php::grid/test/ssh.php:204: Warning: namespace SExec already has a detailed description. Skipping the documentation found here.
/mnt/data/www/EMBnet/cgi-src/Grid/php::grid/test/ssh.php:204: Warning: namespace SExec already has a brief description. Skipping the documentation found here.
/mnt/data/www/EMBnet/cgi-src/Grid/php::grid/test/util.php:7: Warning: namespace Util already has a detailed description. Skipping the documentation found here.
/mnt/data/www/EMBnet/cgi-src/Grid/php::grid/test/util.php:7: Warning: namespace Util already has a brief description. Skipping the documentation found here.
/mnt/data/www/EMBnet/cgi-src/Grid/php::grid/src/grid.php:264: Warning: documented function `Grid::string' was not defined.
/mnt/data/www/EMBnet/cgi-src/Grid/php::grid/src/grid.php:284: Warning: documented function `Grid::resource' was not defined.
/mnt/data/www/EMBnet/cgi-src/Grid/php::grid/src/grid.php:301: Warning: documented function `Grid::bool' was not defined.
/mnt/data/www/EMBnet/cgi-src/Grid/php::grid/src/grid.php:308: Warning: documented function `Grid::bool' was not defined.
/mnt/data/www/EMBnet/cgi-src/Grid/php::grid/src/grid.php:315: Warning: documented function `Grid::array' was not defined.
/mnt/data/www/EMBnet/cgi-src/Grid/php::grid/src/grid.php:322: Warning: documented function `Grid::SExec' was not defined.
/mnt/data/www/EMBnet/cgi-src/Grid/php::grid/src/grid.php:374: Warning: documented function `Grid::integer' was not defined.
/mnt/data/www/EMBnet/cgi-src/Grid/php::grid/test/grid.php:264: Warning: documented function `Grid::string' was not defined.
/mnt/data/www/EMBnet/cgi-src/Grid/php::grid/test/grid.php:284: Warning: documented function `Grid::resource' was not defined.
/mnt/data/www/EMBnet/cgi-src/Grid/php::grid/test/grid.php:301: Warning: documented function `Grid::bool' was not defined.
/mnt/data/www/EMBnet/cgi-src/Grid/php::grid/test/grid.php:308: Warning: documented function `Grid::bool' was not defined.
/mnt/data/www/EMBnet/cgi-src/Grid/php::grid/test/grid.php:315: Warning: documented function `Grid::array' was not defined.
/mnt/data/www/EMBnet/cgi-src/Grid/php::grid/test/grid.php:322: Warning: documented function `Grid::SExec' was not defined.
/mnt/data/www/EMBnet/cgi-src/Grid/php::grid/test/grid.php:374: Warning: documented function `Grid::integer' was not defined.
/mnt/data/www/EMBnet/cgi-src/Grid/php::grid/src/grid_config.php:69: Warning: Found unknown command `\global'
/mnt/data/www/EMBnet/cgi-src/Grid/php::grid/src/grid_config.php:75: Warning: Found unknown command `\global'
/mnt/data/www/EMBnet/cgi-src/Grid/php::grid/src/grid_config.php:81: Warning: Found unknown command `\global'
/mnt/data/www/EMBnet/cgi-src/Grid/php::grid/src/grid_config.php:61: Warning: Found unknown command `\global'
/mnt/data/www/EMBnet/cgi-src/Grid/php::grid/src/grid_config.php:75: Warning: Found unknown command `\global'
/mnt/data/www/EMBnet/cgi-src/Grid/php::grid/src/grid_config.php:87: Warning: Found unknown command `\global'
/mnt/data/www/EMBnet/cgi-src/Grid/php::grid/src/grid_config.php:81: Warning: Found unknown command `\global'
/mnt/data/www/EMBnet/cgi-src/Grid/php::grid/src/grid_config.php:69: Warning: Found unknown command `\global'
/mnt/data/www/EMBnet/cgi-src/Grid/php::grid/src/grid_config.php:54: Warning: Found unknown command `\global'
/mnt/data/www/EMBnet/cgi-src/Grid/php::grid/src/grid_config.php:39: Warning: Found unknown command `\global'
/mnt/data/www/EMBnet/cgi-src/Grid/php::grid/test/grid_config.php:69: Warning: Found unknown command `\global'
/mnt/data/www/EMBnet/cgi-src/Grid/php::grid/test/grid_config.php:75: Warning: Found unknown command `\global'
/mnt/data/www/EMBnet/cgi-src/Grid/php::grid/test/grid_config.php:81: Warning: Found unknown command `\global'
/mnt/data/www/EMBnet/cgi-src/Grid/php::grid/test/grid_config.php:61: Warning: Found unknown command `\global'
/mnt/data/www/EMBnet/cgi-src/Grid/php::grid/test/grid_config.php:75: Warning: Found unknown command `\global'
/mnt/data/www/EMBnet/cgi-src/Grid/php::grid/test/grid_config.php:87: Warning: Found unknown command `\global'
/mnt/data/www/EMBnet/cgi-src/Grid/php::grid/test/grid_config.php:81: Warning: Found unknown command `\global'
/mnt/data/www/EMBnet/cgi-src/Grid/php::grid/test/grid_config.php:69: Warning: Found unknown command `\global'
/mnt/data/www/EMBnet/cgi-src/Grid/php::grid/test/grid_config.php:54: Warning: Found unknown command `\global'
/mnt/data/www/EMBnet/cgi-src/Grid/php::grid/test/grid_config.php:39: Warning: Found unknown command `\global'
/mnt/data/www/EMBnet/cgi-src/Grid/php::grid/src/util.php:176: Warning: Found unknown command `\host'
/mnt/data/www/EMBnet/cgi-src/Grid/php::grid/test/util.php:176: Warning: Found unknown command `\host'
/mnt/data/www/EMBnet/cgi-src/Grid/php::grid/test/grid.php:809: Warning: argument `integer' of command @param is not found in the argument list of Grid::initialize($hours=12,$minutes=0)
/mnt/data/www/EMBnet/cgi-src/Grid/php::grid/test/grid.php:809: Warning: argument `integer' of command @param is not found in the argument list of Grid::initialize($hours=12,$minutes=0)
/mnt/data/www/EMBnet/cgi-src/Grid/php::grid/test/grid.php:809: Warning: The following parameters of Grid::initialize($hours=12,$minutes=0) are not documented:
  parameter hours
  parameter minutes

/mnt/data/www/EMBnet/cgi-src/Grid/php::grid/src/grid.php:809: Warning: argument `integer' of command @param is not found in the argument list of Grid::initialize($hours=12,$minutes=0)
/mnt/data/www/EMBnet/cgi-src/Grid/php::grid/src/grid.php:809: Warning: argument `integer' of command @param is not found in the argument list of Grid::initialize($hours=12,$minutes=0)
/mnt/data/www/EMBnet/cgi-src/Grid/php::grid/src/grid.php:809: Warning: The following parameters of Grid::initialize($hours=12,$minutes=0) are not documented:
  parameter hours
  parameter minutes

/mnt/data/www/EMBnet/cgi-src/Grid/php::grid/test/grid.php:1931: Warning: argument `string' of command @param is not found in the argument list of Grid::job_cancel($job,&$out,$session='default')
/mnt/data/www/EMBnet/cgi-src/Grid/php::grid/test/grid.php:1931: Warning: argument `string' of command @param is not found in the argument list of Grid::job_cancel($job,&$out,$session='default')
/mnt/data/www/EMBnet/cgi-src/Grid/php::grid/test/grid.php:1931: Warning: The following parameters of Grid::job_cancel($job,&$out,$session='default') are not documented:
  parameter job
  parameter out
  parameter session

/mnt/data/www/EMBnet/cgi-src/Grid/php::grid/src/grid.php:1934: Warning: argument `string' of command @param is not found in the argument list of Grid::job_cancel($job,&$out,$session='default')
/mnt/data/www/EMBnet/cgi-src/Grid/php::grid/src/grid.php:1934: Warning: argument `string' of command @param is not found in the argument list of Grid::job_cancel($job,&$out,$session='default')
/mnt/data/www/EMBnet/cgi-src/Grid/php::grid/src/grid.php:1934: Warning: The following parameters of Grid::job_cancel($job,&$out,$session='default') are not documented:
  parameter job
  parameter out
  parameter session

/mnt/data/www/EMBnet/cgi-src/Grid/php::grid/test/grid.php:1556: Warning: argument `string' of command @param is not found in the argument list of Grid::job_get_id($job,$session='default')
/mnt/data/www/EMBnet/cgi-src/Grid/php::grid/test/grid.php:1556: Warning: argument `string' of command @param is not found in the argument list of Grid::job_get_id($job,$session='default')
/mnt/data/www/EMBnet/cgi-src/Grid/php::grid/test/grid.php:1556: Warning: The following parameters of Grid::job_get_id($job,$session='default') are not documented:
  parameter job
  parameter session

/mnt/data/www/EMBnet/cgi-src/Grid/php::grid/src/grid.php:1559: Warning: argument `string' of command @param is not found in the argument list of Grid::job_get_id($job,$session='default')
/mnt/data/www/EMBnet/cgi-src/Grid/php::grid/src/grid.php:1559: Warning: argument `string' of command @param is not found in the argument list of Grid::job_get_id($job,$session='default')
/mnt/data/www/EMBnet/cgi-src/Grid/php::grid/src/grid.php:1559: Warning: The following parameters of Grid::job_get_id($job,$session='default') are not documented:
  parameter job
  parameter session

/mnt/data/www/EMBnet/cgi-src/Grid/php::grid/test/grid.php:1791: Warning: argument `string' of command @param is not found in the argument list of Grid::job_get_output($job,&$out,$session='default')
/mnt/data/www/EMBnet/cgi-src/Grid/php::grid/test/grid.php:1791: Warning: argument `string' of command @param is not found in the argument list of Grid::job_get_output($job,&$out,$session='default')
/mnt/data/www/EMBnet/cgi-src/Grid/php::grid/test/grid.php:1791: Warning: The following parameters of Grid::job_get_output($job,&$out,$session='default') are not documented:
  parameter job
  parameter out
  parameter session

/mnt/data/www/EMBnet/cgi-src/Grid/php::grid/src/grid.php:1794: Warning: argument `string' of command @param is not found in the argument list of Grid::job_get_output($job,&$out,$session='default')
/mnt/data/www/EMBnet/cgi-src/Grid/php::grid/src/grid.php:1794: Warning: argument `string' of command @param is not found in the argument list of Grid::job_get_output($job,&$out,$session='default')
/mnt/data/www/EMBnet/cgi-src/Grid/php::grid/src/grid.php:1794: Warning: The following parameters of Grid::job_get_output($job,&$out,$session='default') are not documented:
  parameter job
  parameter out
  parameter session

/mnt/data/www/EMBnet/cgi-src/Grid/php::grid/test/grid.php:1676: Warning: argument `string' of command @param is not found in the argument list of Grid::job_status($job,&$out,$session='default')
/mnt/data/www/EMBnet/cgi-src/Grid/php::grid/test/grid.php:1676: Warning: argument `string' of command @param is not found in the argument list of Grid::job_status($job,&$out,$session='default')
/mnt/data/www/EMBnet/cgi-src/Grid/php::grid/test/grid.php:1676: Warning: argument `string' of command @param is not found in the argument list of Grid::job_status($job,&$out,$session='default')
/mnt/data/www/EMBnet/cgi-src/Grid/php::grid/test/grid.php:1676: Warning: The following parameters of Grid::job_status($job,&$out,$session='default') are not documented:
  parameter job
  parameter out
  parameter session

/mnt/data/www/EMBnet/cgi-src/Grid/php::grid/src/grid.php:1679: Warning: argument `string' of command @param is not found in the argument list of Grid::job_status($job,&$out,$session='default')
/mnt/data/www/EMBnet/cgi-src/Grid/php::grid/src/grid.php:1679: Warning: argument `string' of command @param is not found in the argument list of Grid::job_status($job,&$out,$session='default')
/mnt/data/www/EMBnet/cgi-src/Grid/php::grid/src/grid.php:1679: Warning: argument `string' of command @param is not found in the argument list of Grid::job_status($job,&$out,$session='default')
/mnt/data/www/EMBnet/cgi-src/Grid/php::grid/src/grid.php:1679: Warning: The following parameters of Grid::job_status($job,&$out,$session='default') are not documented:
  parameter job
  parameter out
  parameter session

/mnt/data/www/EMBnet/cgi-src/Grid/php::grid/test/grid.php:1412: Warning: argument `string' of command @param is not found in the argument list of Grid::job_submit($job,&$out,$session='default')
/mnt/data/www/EMBnet/cgi-src/Grid/php::grid/test/grid.php:1412: Warning: argument `array' of command @param is not found in the argument list of Grid::job_submit($job,&$out,$session='default')
/mnt/data/www/EMBnet/cgi-src/Grid/php::grid/test/grid.php:1412: Warning: argument `string' of command @param is not found in the argument list of Grid::job_submit($job,&$out,$session='default')
/mnt/data/www/EMBnet/cgi-src/Grid/php::grid/test/grid.php:1412: Warning: The following parameters of Grid::job_submit($job,&$out,$session='default') are not documented:
  parameter job
  parameter out
  parameter session

/mnt/data/www/EMBnet/cgi-src/Grid/php::grid/src/grid.php:1415: Warning: argument `string' of command @param is not found in the argument list of Grid::job_submit($job,&$out,$session='default')
/mnt/data/www/EMBnet/cgi-src/Grid/php::grid/src/grid.php:1415: Warning: argument `array' of command @param is not found in the argument list of Grid::job_submit($job,&$out,$session='default')
/mnt/data/www/EMBnet/cgi-src/Grid/php::grid/src/grid.php:1415: Warning: argument `string' of command @param is not found in the argument list of Grid::job_submit($job,&$out,$session='default')
/mnt/data/www/EMBnet/cgi-src/Grid/php::grid/src/grid.php:1415: Warning: The following parameters of Grid::job_submit($job,&$out,$session='default') are not documented:
  parameter job
  parameter out
  parameter session

/mnt/data/www/EMBnet/cgi-src/Grid/php::grid/test/grid.php:1390: Warning: argument `integer' of command @param is not found in the argument list of Grid::job_submit_set_timeout($seconds=0)
/mnt/data/www/EMBnet/cgi-src/Grid/php::grid/test/grid.php:1390: Warning: The following parameters of Grid::job_submit_set_timeout($seconds=0) are not documented:
  parameter seconds

/mnt/data/www/EMBnet/cgi-src/Grid/php::grid/src/grid.php:1393: Warning: argument `integer' of command @param is not found in the argument list of Grid::job_submit_set_timeout($seconds=0)
/mnt/data/www/EMBnet/cgi-src/Grid/php::grid/src/grid.php:1393: Warning: The following parameters of Grid::job_submit_set_timeout($seconds=0) are not documented:
  parameter seconds

/mnt/data/www/EMBnet/cgi-src/Grid/php::grid/test/grid.php:1245: Warning: argument `string' of command @param is not found in the argument list of Grid::session_define($session,$directory)
/mnt/data/www/EMBnet/cgi-src/Grid/php::grid/test/grid.php:1245: Warning: argument `string' of command @param is not found in the argument list of Grid::session_define($session,$directory)
/mnt/data/www/EMBnet/cgi-src/Grid/php::grid/test/grid.php:1245: Warning: The following parameters of Grid::session_define($session,$directory) are not documented:
  parameter session
  parameter directory

/mnt/data/www/EMBnet/cgi-src/Grid/php::grid/src/grid.php:1248: Warning: argument `string' of command @param is not found in the argument list of Grid::session_define($session,$directory)
/mnt/data/www/EMBnet/cgi-src/Grid/php::grid/src/grid.php:1248: Warning: argument `string' of command @param is not found in the argument list of Grid::session_define($session,$directory)
/mnt/data/www/EMBnet/cgi-src/Grid/php::grid/src/grid.php:1248: Warning: The following parameters of Grid::session_define($session,$directory) are not documented:
  parameter session
  parameter directory

/mnt/data/www/EMBnet/cgi-src/Grid/php::grid/test/grid.php:1359: Warning: Found unknown command `\access'
/mnt/data/www/EMBnet/cgi-src/Grid/php::grid/src/grid.php:1362: Warning: Found unknown command `\access'
/mnt/data/www/EMBnet/cgi-src/Grid/php::grid/test/grid.php:1287: Warning: argument `string' of command @param is not found in the argument list of Grid::session_directory($session='default')
/mnt/data/www/EMBnet/cgi-src/Grid/php::grid/test/grid.php:1292: Warning: Found unknown command `\access'
/mnt/data/www/EMBnet/cgi-src/Grid/php::grid/test/grid.php:1287: Warning: The following parameters of Grid::session_directory($session='default') are not documented:
  parameter session

/mnt/data/www/EMBnet/cgi-src/Grid/php::grid/src/grid.php:1290: Warning: argument `string' of command @param is not found in the argument list of Grid::session_directory($session='default')
/mnt/data/www/EMBnet/cgi-src/Grid/php::grid/src/grid.php:1295: Warning: Found unknown command `\access'
/mnt/data/www/EMBnet/cgi-src/Grid/php::grid/src/grid.php:1290: Warning: The following parameters of Grid::session_directory($session='default') are not documented:
  parameter session

/mnt/data/www/EMBnet/cgi-src/Grid/php::grid/test/grid.php:1266: Warning: argument `string' of command @param is not found in the argument list of Grid::session_is_valid($session='default')
/mnt/data/www/EMBnet/cgi-src/Grid/php::grid/test/grid.php:1271: Warning: Found unknown command `\access'
/mnt/data/www/EMBnet/cgi-src/Grid/php::grid/test/grid.php:1266: Warning: The following parameters of Grid::session_is_valid($session='default') are not documented:
  parameter session

/mnt/data/www/EMBnet/cgi-src/Grid/php::grid/src/grid.php:1269: Warning: argument `string' of command @param is not found in the argument list of Grid::session_is_valid($session='default')
/mnt/data/www/EMBnet/cgi-src/Grid/php::grid/src/grid.php:1274: Warning: Found unknown command `\access'
/mnt/data/www/EMBnet/cgi-src/Grid/php::grid/src/grid.php:1269: Warning: The following parameters of Grid::session_is_valid($session='default') are not documented:
  parameter session

/mnt/data/www/EMBnet/cgi-src/Grid/php::grid/test/grid.php:1303: Warning: Found unknown command `\access'
/mnt/data/www/EMBnet/cgi-src/Grid/php::grid/src/grid.php:1306: Warning: Found unknown command `\access'
/mnt/data/www/EMBnet/cgi-src/Grid/php::grid/test/grid.php:1060: Warning: argument `string' of command @param is not found in the argument list of Grid::session_new($hint="sess")
/mnt/data/www/EMBnet/cgi-src/Grid/php::grid/test/grid.php:1060: Warning: The following parameters of Grid::session_new($hint="sess") are not documented:
  parameter hint

/mnt/data/www/EMBnet/cgi-src/Grid/php::grid/src/grid.php:1063: Warning: argument `string' of command @param is not found in the argument list of Grid::session_new($hint="sess")
/mnt/data/www/EMBnet/cgi-src/Grid/php::grid/src/grid.php:1063: Warning: The following parameters of Grid::session_new($hint="sess") are not documented:
  parameter hint

/mnt/data/www/EMBnet/cgi-src/Grid/php::grid/test/grid.php:639: Warning: argument `string' of command @param is not found in the argument list of Grid::set_error_log($errlog)
/mnt/data/www/EMBnet/cgi-src/Grid/php::grid/test/grid.php:639: Warning: The following parameters of Grid::set_error_log($errlog) are not documented:
  parameter errlog

/mnt/data/www/EMBnet/cgi-src/Grid/php::grid/src/grid.php:639: Warning: argument `string' of command @param is not found in the argument list of Grid::set_error_log($errlog)
/mnt/data/www/EMBnet/cgi-src/Grid/php::grid/src/grid.php:639: Warning: The following parameters of Grid::set_error_log($errlog) are not documented:
  parameter errlog

/mnt/data/www/EMBnet/cgi-src/Grid/php::grid/test/grid.php:474: Warning: argument `string' of command @param is not found in the argument list of Grid::set_host($host)
/mnt/data/www/EMBnet/cgi-src/Grid/php::grid/test/grid.php:474: Warning: The following parameters of Grid::set_host($host) are not documented:
  parameter host

/mnt/data/www/EMBnet/cgi-src/Grid/php::grid/src/grid.php:474: Warning: argument `string' of command @param is not found in the argument list of Grid::set_host($host)
/mnt/data/www/EMBnet/cgi-src/Grid/php::grid/src/grid.php:474: Warning: The following parameters of Grid::set_host($host) are not documented:
  parameter host

/mnt/data/www/EMBnet/cgi-src/Grid/php::grid/test/grid.php:561: Warning: argument `string' of command @param is not found in the argument list of Grid::set_passphrase($pass)
/mnt/data/www/EMBnet/cgi-src/Grid/php::grid/test/grid.php:561: Warning: The following parameters of Grid::set_passphrase($pass) are not documented:
  parameter pass

/mnt/data/www/EMBnet/cgi-src/Grid/php::grid/src/grid.php:561: Warning: argument `string' of command @param is not found in the argument list of Grid::set_passphrase($pass)
/mnt/data/www/EMBnet/cgi-src/Grid/php::grid/src/grid.php:561: Warning: The following parameters of Grid::set_passphrase($pass) are not documented:
  parameter pass

/mnt/data/www/EMBnet/cgi-src/Grid/php::grid/test/grid.php:511: Warning: argument `string' of command @param is not found in the argument list of Grid::set_password($pass)
/mnt/data/www/EMBnet/cgi-src/Grid/php::grid/test/grid.php:511: Warning: The following parameters of Grid::set_password($pass) are not documented:
  parameter pass

/mnt/data/www/EMBnet/cgi-src/Grid/php::grid/src/grid.php:511: Warning: argument `string' of command @param is not found in the argument list of Grid::set_password($pass)
/mnt/data/www/EMBnet/cgi-src/Grid/php::grid/src/grid.php:511: Warning: The following parameters of Grid::set_password($pass) are not documented:
  parameter pass

/mnt/data/www/EMBnet/cgi-src/Grid/php::grid/test/grid.php:436: Warning: argument `string' of command @param is not found in the argument list of Grid::set_user($user)
/mnt/data/www/EMBnet/cgi-src/Grid/php::grid/test/grid.php:436: Warning: The following parameters of Grid::set_user($user) are not documented:
  parameter user

/mnt/data/www/EMBnet/cgi-src/Grid/php::grid/src/grid.php:436: Warning: argument `string' of command @param is not found in the argument list of Grid::set_user($user)
/mnt/data/www/EMBnet/cgi-src/Grid/php::grid/src/grid.php:436: Warning: The following parameters of Grid::set_user($user) are not documented:
  parameter user

/mnt/data/www/EMBnet/cgi-src/Grid/php::grid/test/grid.php:608: Warning: argument `string' of command @param is not found in the argument list of Grid::set_work_dir($wd)
/mnt/data/www/EMBnet/cgi-src/Grid/php::grid/test/grid.php:608: Warning: The following parameters of Grid::set_work_dir($wd) are not documented:
  parameter wd

/mnt/data/www/EMBnet/cgi-src/Grid/php::grid/src/grid.php:608: Warning: argument `string' of command @param is not found in the argument list of Grid::set_work_dir($wd)
/mnt/data/www/EMBnet/cgi-src/Grid/php::grid/src/grid.php:608: Warning: The following parameters of Grid::set_work_dir($wd) are not documented:
  parameter wd

/mnt/data/www/EMBnet/cgi-src/Grid/php::grid/src/grid.php:4: Warning: Found unknown command `\copyright'
/mnt/data/www/EMBnet/cgi-src/Grid/php::grid/src/grid.php:20: Warning: Found unknown command `\category'
/mnt/data/www/EMBnet/cgi-src/Grid/php::grid/src/grid.php:22: Warning: Found unknown command `\copyright'
/mnt/data/www/EMBnet/cgi-src/Grid/php::grid/src/grid.php:23: Warning: Found unknown command `\license'
/mnt/data/www/EMBnet/cgi-src/Grid/php::grid/src/grid.php:25: Warning: unable to resolve link to `http://savannah.cern.ch/projects/GridGRAMM' for \link command
/mnt/data/www/EMBnet/cgi-src/Grid/php::grid/src/grid.php:26: Warning: Illegal command see as part of a \link
/mnt/data/www/EMBnet/cgi-src/Grid/php::grid/src/grid.php:27: Warning: Illegal command see as part of a \link
/mnt/data/www/EMBnet/cgi-src/Grid/php::grid/src/grid.php:28: Warning: Illegal command since as part of a \link
/mnt/data/www/EMBnet/cgi-src/Grid/php::grid/src/grid.php:29: Warning: Unexpected end of comment while inside link command

/mnt/data/www/EMBnet/cgi-src/Grid/php::grid/src/grid_config.php:9: Warning: Found unknown command `\copyright'
/mnt/data/www/EMBnet/cgi-src/Grid/php::grid/src/grid_config.php:27: Warning: Found unknown command `\copyright'
/mnt/data/www/EMBnet/cgi-src/Grid/php::grid/src/grid_config.php:28: Warning: Found unknown command `\license'
/mnt/data/www/EMBnet/cgi-src/Grid/php::grid/src/grid_config.php:31: Warning: unable to resolve link to `http://savannah.cern.ch/projects/GridGRAMM' for \link command
/mnt/data/www/EMBnet/cgi-src/Grid/php::grid/src/grid_config.php:32: Warning: Illegal command since as part of a \link
/mnt/data/www/EMBnet/cgi-src/Grid/php::grid/src/grid_config.php:33: Warning: Unexpected end of comment while inside link command

/mnt/data/www/EMBnet/cgi-src/Grid/php::grid/src/ssh.php:30: Warning: Found unknown command `\category'
/mnt/data/www/EMBnet/cgi-src/Grid/php::grid/src/ssh.php:32: Warning: Found unknown command `\copyright'
/mnt/data/www/EMBnet/cgi-src/Grid/php::grid/src/ssh.php:33: Warning: Found unknown command `\license'
/mnt/data/www/EMBnet/cgi-src/Grid/php::grid/src/ssh.php:35: Warning: unable to resolve link to `http://savannah.cern.ch/projects/GridGRAMM' for \link command
/mnt/data/www/EMBnet/cgi-src/Grid/php::grid/src/ssh.php:36: Warning: Illegal command see as part of a \link
/mnt/data/www/EMBnet/cgi-src/Grid/php::grid/src/ssh.php:37: Warning: Illegal command since as part of a \link
/mnt/data/www/EMBnet/cgi-src/Grid/php::grid/src/ssh.php:38: Warning: Unexpected end of comment while inside link command

/mnt/data/www/EMBnet/cgi-src/Grid/php::grid/src/util.php:7: Warning: Found unknown command `\copyright'
Searching for include files...
Searching for example files...
Searching for images...
Searching for dot files...
Searching for files to exclude
Reading input files...
Reading and parsing tag files
Preprocessing /mnt/data/www/EMBnet/cgi-src/Grid/php::grid/src/grid.php...
Preprocessing /mnt/data/www/EMBnet/cgi-src/Grid/php::grid/src/grid_config.php...
Preprocessing /mnt/data/www/EMBnet/cgi-src/Grid/php::grid/src/ssh.php...
Preprocessing /mnt/data/www/EMBnet/cgi-src/Grid/php::grid/src/util.php...
Preprocessing /mnt/data/www/EMBnet/cgi-src/Grid/php::grid/test/grid.php...
Preprocessing /mnt/data/www/EMBnet/cgi-src/Grid/php::grid/test/grid_config.php...
Preprocessing /mnt/data/www/EMBnet/cgi-src/Grid/php::grid/test/grid_test.php...
Preprocessing /mnt/data/www/EMBnet/cgi-src/Grid/php::grid/test/ssh.php...
Preprocessing /mnt/data/www/EMBnet/cgi-src/Grid/php::grid/test/util.php...
Read 269389 bytes
Parsing input...
Parsing file /mnt/data/www/EMBnet/cgi-src/Grid/php::grid/src/grid.php...
Parsing file /mnt/data/www/EMBnet/cgi-src/Grid/php::grid/src/grid_config.php...
Parsing file /mnt/data/www/EMBnet/cgi-src/Grid/php::grid/src/ssh.php...
Parsing file /mnt/data/www/EMBnet/cgi-src/Grid/php::grid/src/util.php...
Parsing file /mnt/data/www/EMBnet/cgi-src/Grid/php::grid/test/grid.php...
Parsing file /mnt/data/www/EMBnet/cgi-src/Grid/php::grid/test/grid_config.php...
Parsing file /mnt/data/www/EMBnet/cgi-src/Grid/php::grid/test/grid_test.php...
Parsing file /mnt/data/www/EMBnet/cgi-src/Grid/php::grid/test/ssh.php...
Parsing file /mnt/data/www/EMBnet/cgi-src/Grid/php::grid/test/util.php...
Freeing input...
Building group list...
Building namespace list...
Building file list...
Searching for included using directives...
Building class list...
Building example list...
Searching for documented variables...
Building member list...
Searching for friends...
Searching for documented defines...
Computing template instances...
Creating members for template instances...
Computing class relations...
Searching for enumerations...
Searching for member function documentation...
Searching for members imported via using declarations...
Building page list...
Search for main page...
Sorting lists...
Freeing entry tree
Determining which enums are documented
Computing member relations...
Building full member lists recursively...
Adding members to member groups.
Computing member references...
Inheriting documentation...
Generating disk names...
Adding source references...
Adding todo/test/bug list items...
Counting data structures...
Resolving user defined references...
Combining using relations...
Finding anchors and sections in the documentation...
Generating index page...
Generating file index...
Generating example documentation...
Generating file sources...
Generating code for file grid.php...
Generating code for file grid.php...
Generating code for file grid_config.php...
Generating code for file grid_config.php...
Generating code for file grid_test.php...
Generating code for file ssh.php...
Generating code for file ssh.php...
Generating code for file util.php...
Generating code for file util.php...
Generating file documentation...
Generating docs for file grid.php...
Generating docs for file grid.php...
Generating docs for file grid_config.php...
Generating docs for file grid_config.php...
Generating docs for file grid_test.php...
Generating docs for file ssh.php...
Generating docs for file ssh.php...
Generating docs for file util.php...
Generating docs for file util.php...
Generating class documentation...
Generating annotated compound index...
Generating alphabetical compound index...
Generating hierarchical class index...
Generating member index...
Generating docs for compound Grid...
Generating page documentation...
Generating docs for page bug...
Generating group documentation...
Generating namespace index...
Generating docs for namespace Grid
Generating docs for namespace grock
Generating docs for namespace SExec
Generating docs for namespace Util
Generating group index...
Generating example index...
Generating file member index...
Generating name/mnt/data/www/EMBnet/cgi-src/Grid/php::grid/src/grid.php:436: Warning: argument `string' of command @param is not found in the argument list of Grid::set_user($user)
/mnt/data/www/EMBnet/cgi-src/Grid/php::grid/src/grid.php:436: Warning: The following parameters of Grid::set_user($user) are not documented:
  parameter user

/mnt/data/www/EMBnet/cgi-src/Grid/php::grid/src/grid.php:474: Warning: argument `string' of command @param is not found in the argument list of Grid::set_host($host)
/mnt/data/www/EMBnet/cgi-src/Grid/php::grid/src/grid.php:474: Warning: The following parameters of Grid::set_host($host) are not documented:
  parameter host

/mnt/data/www/EMBnet/cgi-src/Grid/php::grid/src/grid.php:511: Warning: argument `string' of command @param is not found in the argument list of Grid::set_password($pass)
/mnt/data/www/EMBnet/cgi-src/Grid/php::grid/src/grid.php:511: Warning: The following parameters of Grid::set_password($pass) are not documented:
  parameter pass

/mnt/data/www/EMBnet/cgi-src/Grid/php::grid/src/grid.php:561: Warning: argument `string' of command @param is not found in the argument list of Grid::set_passphrase($pass)
/mnt/data/www/EMBnet/cgi-src/Grid/php::grid/src/grid.php:561: Warning: The following parameters of Grid::set_passphrase($pass) are not documented:
  parameter pass

/mnt/data/www/EMBnet/cgi-src/Grid/php::grid/src/grid.php:608: Warning: argument `string' of command @param is not found in the argument list of Grid::set_work_dir($wd)
/mnt/data/www/EMBnet/cgi-src/Grid/php::grid/src/grid.php:608: Warning: The following parameters of Grid::set_work_dir($wd) are not documented:
  parameter wd

/mnt/data/www/EMBnet/cgi-src/Grid/php::grid/src/grid.php:639: Warning: argument `string' of command @param is not found in the argument list of Grid::set_error_log($errlog)
/mnt/data/www/EMBnet/cgi-src/Grid/php::grid/src/grid.php:639: Warning: The following parameters of Grid::set_error_log($errlog) are not documented:
  parameter errlog

/mnt/data/www/EMBnet/cgi-src/Grid/php::grid/src/grid.php:809: Warning: argument `integer' of command @param is not found in the argument list of Grid::initialize($hours=12,$minutes=0)
/mnt/data/www/EMBnet/cgi-src/Grid/php::grid/src/grid.php:809: Warning: argument `integer' of command @param is not found in the argument list of Grid::initialize($hours=12,$minutes=0)
/mnt/data/www/EMBnet/cgi-src/Grid/php::grid/src/grid.php:809: Warning: The following parameters of Grid::initialize($hours=12,$minutes=0) are not documented:
  parameter hours
  parameter minutes

/mnt/data/www/EMBnet/cgi-src/Grid/php::grid/src/grid.php:1063: Warning: argument `string' of command @param is not found in the argument list of Grid::session_new($hint="sess")
/mnt/data/www/EMBnet/cgi-src/Grid/php::grid/src/grid.php:1063: Warning: The following parameters of Grid::session_new($hint="sess") are not documented:
  parameter hint

/mnt/data/www/EMBnet/cgi-src/Grid/php::grid/src/grid.php:1248: Warning: argument `string' of command @param is not found in the argument list of Grid::session_define($session,$directory)
/mnt/data/www/EMBnet/cgi-src/Grid/php::grid/src/grid.php:1248: Warning: argument `string' of command @param is not found in the argument list of Grid::session_define($session,$directory)
/mnt/data/www/EMBnet/cgi-src/Grid/php::grid/src/grid.php:1248: Warning: The following parameters of Grid::session_define($session,$directory) are not documented:
  parameter session
  parameter directory

/mnt/data/www/EMBnet/cgi-src/Grid/php::grid/src/grid.php:1269: Warning: argument `string' of command @param is not found in the argument list of Grid::session_is_valid($session='default')
/mnt/data/www/EMBnet/cgi-src/Grid/php::grid/src/grid.php:1274: Warning: Found unknown command `\access'
/mnt/data/www/EMBnet/cgi-src/Grid/php::grid/src/grid.php:1269: Warning: The following parameters of Grid::session_is_valid($session='default') are not documented:
  parameter session

/mnt/data/www/EMBnet/cgi-src/Grid/php::grid/src/grid.php:1290: Warning: argument `string' of command @param is not found in the argument list of Grid::session_directory($session='default')
/mnt/data/www/EMBnet/cgi-src/Grid/php::grid/src/grid.php:1295: Warning: Found unknown command `\access'
/mnt/data/www/EMBnet/cgi-src/Grid/php::grid/src/grid.php:1290: Warning: The following parameters of Grid::session_directory($session='default') are not documented:
  parameter session

/mnt/data/www/EMBnet/cgi-src/Grid/php::grid/src/grid.php:1306: Warning: Found unknown command `\access'
/mnt/data/www/EMBnet/cgi-src/Grid/php::grid/src/grid.php:1362: Warning: Found unknown command `\access'
/mnt/data/www/EMBnet/cgi-src/Grid/php::grid/src/grid.php:1393: Warning: argument `integer' of command @param is not found in the argument list of Grid::job_submit_set_timeout($seconds=0)
/mnt/data/www/EMBnet/cgi-src/Grid/php::grid/src/grid.php:1393: Warning: The following parameters of Grid::job_submit_set_timeout($seconds=0) are not documented:
  parameter seconds

/mnt/data/www/EMBnet/cgi-src/Grid/php::grid/src/grid.php:1415: Warning: argument `string' of command @param is not found in the argument list of Grid::job_submit($job,&$out,$session='default')
/mnt/data/www/EMBnet/cgi-src/Grid/php::grid/src/grid.php:1415: Warning: argument `array' of command @param is not found in the argument list of Grid::job_submit($job,&$out,$session='default')
/mnt/data/www/EMBnet/cgi-src/Grid/php::grid/src/grid.php:1415: Warning: argument `string' of command @param is not found in the argument list of Grid::job_submit($job,&$out,$session='default')
/mnt/data/www/EMBnet/cgi-src/Grid/php::grid/src/grid.php:1415: Warning: The following parameters of Grid::job_submit($job,&$out,$session='default') are not documented:
  parameter job
  parameter out
  parameter session

/mnt/data/www/EMBnet/cgi-src/Grid/php::grid/src/grid.php:1559: Warning: argument `string' of command @param is not found in the argument list of Grid::job_get_id($job,$session='default')
/mnt/data/www/EMBnet/cgi-src/Grid/php::grid/src/grid.php:1559: Warning: argument `string' of command @param is not found in the argument list of Grid::job_get_id($job,$session='default')
/mnt/data/www/EMBnet/cgi-src/Grid/php::grid/src/grid.php:1559: Warning: The following parameters of Grid::job_get_id($job,$session='default') are not documented:
  parameter job
  parameter session

/mnt/data/www/EMBnet/cgi-src/Grid/php::grid/src/grid.php:1679: Warning: argument `string' of command @param is not found in the argument list of Grid::job_status($job,&$out,$session='default')
/mnt/data/www/EMBnet/cgi-src/Grid/php::grid/src/grid.php:1679: Warning: argument `string' of command @param is not found in the argument list of Grid::job_status($job,&$out,$session='default')
/mnt/data/www/EMBnet/cgi-src/Grid/php::grid/src/grid.php:1679: Warning: argument `string' of command @param is not found in the argument list of Grid::job_status($job,&$out,$session='default')
/mnt/data/www/EMBnet/cgi-src/Grid/php::grid/src/grid.php:1679: Warning: The following parameters of Grid::job_status($job,&$out,$session='default') are not documented:
  parameter job
  parameter out
  parameter session

/mnt/data/www/EMBnet/cgi-src/Grid/php::grid/src/grid.php:1794: Warning: argument `string' of command @param is not found in the argument list of Grid::job_get_output($job,&$out,$session='default')
/mnt/data/www/EMBnet/cgi-src/Grid/php::grid/src/grid.php:1794: Warning: argument `string' of command @param is not found in the argument list of Grid::job_get_output($job,&$out,$session='default')
/mnt/data/www/EMBnet/cgi-src/Grid/php::grid/src/grid.php:1794: Warning: The following parameters of Grid::job_get_output($job,&$out,$session='default') are not documented:
  parameter job
  parameter out
  parameter session

/mnt/data/www/EMBnet/cgi-src/Grid/php::grid/src/grid.php:1934: Warning: argument `string' of command @param is not found in the argument list of Grid::job_cancel($job,&$out,$session='default')
/mnt/data/www/EMBnet/cgi-src/Grid/php::grid/src/grid.php:1934: Warning: argument `string' of command @param is not found in the argument list of Grid::job_cancel($job,&$out,$session='default')
/mnt/data/www/EMBnet/cgi-src/Grid/php::grid/src/grid.php:1934: Warning: The following parameters of Grid::job_cancel($job,&$out,$session='default') are not documented:
  parameter job
  parameter out
  parameter session

/mnt/data/www/EMBnet/cgi-src/Grid/php::grid/test/grid.php:436: Warning: argument `string' of command @param is not found in the argument list of Grid::set_user($user)
/mnt/data/www/EMBnet/cgi-src/Grid/php::grid/test/grid.php:436: Warning: The following parameters of Grid::set_user($user) are not documented:
  parameter user

/mnt/data/www/EMBnet/cgi-src/Grid/php::grid/test/grid.php:474: Warning: argument `string' of command @param is not found in the argument list of Grid::set_host($host)
/mnt/data/www/EMBnet/cgi-src/Grid/php::grid/test/grid.php:474: Warning: The following parameters of Grid::set_host($host) are not documented:
  parameter host

/mnt/data/www/EMBnet/cgi-src/Grid/php::grid/test/grid.php:511: Warning: argument `string' of command @param is not found in the argument list of Grid::set_password($pass)
/mnt/data/www/EMBnet/cgi-src/Grid/php::grid/test/grid.php:511: Warning: The following parameters of Grid::set_password($pass) are not documented:
  parameter pass

/mnt/data/www/EMBnet/cgi-src/Grid/php::grid/test/grid.php:561: Warning: argument `string' of command @param is not found in the argument list of Grid::set_passphrase($pass)
/mnt/data/www/EMBnet/cgi-src/Grid/php::grid/test/grid.php:561: Warning: The following parameters of Grid::set_passphrase($pass) are not documented:
  parameter pass

/mnt/data/www/EMBnet/cgi-src/Grid/php::grid/test/grid.php:608: Warning: argument `string' of command @param is not found in the argument list of Grid::set_work_dir($wd)
/mnt/data/www/EMBnet/cgi-src/Grid/php::grid/test/grid.php:608: Warning: The following parameters of Grid::set_work_dir($wd) are not documented:
  parameter wd

/mnt/data/www/EMBnet/cgi-src/Grid/php::grid/test/grid.php:639: Warning: argument `string' of command @param is not found in the argument list of Grid::set_error_log($errlog)
/mnt/data/www/EMBnet/cgi-src/Grid/php::grid/test/grid.php:639: Warning: The following parameters of Grid::set_error_log($errlog) are not documented:
  parameter errlog

/mnt/data/www/EMBnet/cgi-src/Grid/php::grid/test/grid.php:809: Warning: argument `integer' of command @param is not found in the argument list of Grid::initialize($hours=12,$minutes=0)
/mnt/data/www/EMBnet/cgi-src/Grid/php::grid/test/grid.php:809: Warning: argument `integer' of command @param is not found in the argument list of Grid::initialize($hours=12,$minutes=0)
/mnt/data/www/EMBnet/cgi-src/Grid/php::grid/test/grid.php:809: Warning: The following parameters of Grid::initialize($hours=12,$minutes=0) are not documented:
  parameter hours
  parameter minutes

/mnt/data/www/EMBnet/cgi-src/Grid/php::grid/test/grid.php:1060: Warning: argument `string' of command @param is not found in the argument list of Grid::session_new($hint="sess")
/mnt/data/www/EMBnet/cgi-src/Grid/php::grid/test/grid.php:1060: Warning: The following parameters of Grid::session_new($hint="sess") are not documented:
  parameter hint

/mnt/data/www/EMBnet/cgi-src/Grid/php::grid/test/grid.php:1245: Warning: argument `string' of command @param is not found in the argument list of Grid::session_define($session,$directory)
/mnt/data/www/EMBnet/cgi-src/Grid/php::grid/test/grid.php:1245: Warning: argument `string' of command @param is not found in the argument list of Grid::session_define($session,$directory)
/mnt/data/www/EMBnet/cgi-src/Grid/php::grid/test/grid.php:1245: Warning: The following parameters of Grid::session_define($session,$directory) are not documented:
  parameter session
  parameter directory

/mnt/data/www/EMBnet/cgi-src/Grid/php::grid/test/grid.php:1266: Warning: argument `string' of command @param is not found in the argument list of Grid::session_is_valid($session='default')
/mnt/data/www/EMBnet/cgi-src/Grid/php::grid/test/grid.php:1271: Warning: Found unknown command `\access'
/mnt/data/www/EMBnet/cgi-src/Grid/php::grid/test/grid.php:1266: Warning: The following parameters of Grid::session_is_valid($session='default') are not documented:
  parameter session

/mnt/data/www/EMBnet/cgi-src/Grid/php::grid/test/grid.php:1287: Warning: argument `string' of command @param is not found in the argument list of Grid::session_directory($session='default')
/mnt/data/www/EMBnet/cgi-src/Grid/php::grid/test/grid.php:1292: Warning: Found unknown command `\access'
/mnt/data/www/EMBnet/cgi-src/Grid/php::grid/test/grid.php:1287: Warning: The following parameters of Grid::session_directory($session='default') are not documented:
  parameter session

/mnt/data/www/EMBnet/cgi-src/Grid/php::grid/test/grid.php:1303: Warning: Found unknown command `\access'
/mnt/data/www/EMBnet/cgi-src/Grid/php::grid/test/grid.php:1359: Warning: Found unknown command `\access'
/mnt/data/www/EMBnet/cgi-src/Grid/php::grid/test/grid.php:1390: Warning: argument `integer' of command @param is not found in the argument list of Grid::job_submit_set_timeout($seconds=0)
/mnt/data/www/EMBnet/cgi-src/Grid/php::grid/test/grid.php:1390: Warning: The following parameters of Grid::job_submit_set_timeout($seconds=0) are not documented:
  parameter seconds

/mnt/data/www/EMBnet/cgi-src/Grid/php::grid/test/grid.php:1412: Warning: argument `string' of command @param is not found in the argument list of Grid::job_submit($job,&$out,$session='default')
/mnt/data/www/EMBnet/cgi-src/Grid/php::grid/test/grid.php:1412: Warning: argument `array' of command @param is not found in the argument list of Grid::job_submit($job,&$out,$session='default')
/mnt/data/www/EMBnet/cgi-src/Grid/php::grid/test/grid.php:1412: Warning: argument `string' of command @param is not found in the argument list of Grid::job_submit($job,&$out,$session='default')
/mnt/data/www/EMBnet/cgi-src/Grid/php::grid/test/grid.php:1412: Warning: The following parameters of Grid::job_submit($job,&$out,$session='default') are not documented:
  parameter job
  parameter out
  parameter session

/mnt/data/www/EMBnet/cgi-src/Grid/php::grid/test/grid.php:1556: Warning: argument `string' of command @param is not found in the argument list of Grid::job_get_id($job,$session='default')
/mnt/data/www/EMBnet/cgi-src/Grid/php::grid/test/grid.php:1556: Warning: argument `string' of command @param is not found in the argument list of Grid::job_get_id($job,$session='default')
/mnt/data/www/EMBnet/cgi-src/Grid/php::grid/test/grid.php:1556: Warning: The following parameters of Grid::job_get_id($job,$session='default') are not documented:
  parameter job
  parameter session

/mnt/data/www/EMBnet/cgi-src/Grid/php::grid/test/grid.php:1676: Warning: argument `string' of command @param is not found in the argument list of Grid::job_status($job,&$out,$session='default')
/mnt/data/www/EMBnet/cgi-src/Grid/php::grid/test/grid.php:1676: Warning: argument `string' of command @param is not found in the argument list of Grid::job_status($job,&$out,$session='default')
/mnt/data/www/EMBnet/cgi-src/Grid/php::grid/test/grid.php:1676: Warning: argument `string' of command @param is not found in the argument list of Grid::job_status($job,&$out,$session='default')
/mnt/data/www/EMBnet/cgi-src/Grid/php::grid/test/grid.php:1676: Warning: The following parameters of Grid::job_status($job,&$out,$session='default') are not documented:
  parameter job
  parameter out
  parameter session

/mnt/data/www/EMBnet/cgi-src/Grid/php::grid/test/grid.php:1791: Warning: argument `string' of command @param is not found in the argument list of Grid::job_get_output($job,&$out,$session='default')
/mnt/data/www/EMBnet/cgi-src/Grid/php::grid/test/grid.php:1791: Warning: argument `string' of command @param is not found in the argument list of Grid::job_get_output($job,&$out,$session='default')
/mnt/data/www/EMBnet/cgi-src/Grid/php::grid/test/grid.php:1791: Warning: The following parameters of Grid::job_get_output($job,&$out,$session='default') are not documented:
  parameter job
  parameter out
  parameter session

/mnt/data/www/EMBnet/cgi-src/Grid/php::grid/test/grid.php:1931: Warning: argument `string' of command @param is not found in the argument list of Grid::job_cancel($job,&$out,$session='default')
/mnt/data/www/EMBnet/cgi-src/Grid/php::grid/test/grid.php:1931: Warning: argument `string' of command @param is not found in the argument list of Grid::job_cancel($job,&$out,$session='default')
/mnt/data/www/EMBnet/cgi-src/Grid/php::grid/test/grid.php:1931: Warning: The following parameters of Grid::job_cancel($job,&$out,$session='default') are not documented:
  parameter job
  parameter out
  parameter session

/mnt/data/www/EMBnet/cgi-src/Grid/php::grid/src/grid.php:4: Warning: Found unknown command `\copyright'
/mnt/data/www/EMBnet/cgi-src/Grid/php::grid/src/grid.php:20: Warning: Found unknown command `\category'
/mnt/data/www/EMBnet/cgi-src/Grid/php::grid/src/grid.php:22: Warning: Found unknown command `\copyright'
/mnt/data/www/EMBnet/cgi-src/Grid/php::grid/src/grid.php:23: Warning: Found unknown command `\license'
/mnt/data/www/EMBnet/cgi-src/Grid/php::grid/src/grid.php:25: Warning: unable to resolve link to `http://savannah.cern.ch/projects/GridGRAMM' for \link command
/mnt/data/www/EMBnet/cgi-src/Grid/php::grid/src/grid.php:26: Warning: Illegal command see as part of a \link
/mnt/data/www/EMBnet/cgi-src/Grid/php::grid/src/grid.php:27: Warning: Illegal command see as part of a \link
/mnt/data/www/EMBnet/cgi-src/Grid/php::grid/src/grid.php:28: Warning: Illegal command since as part of a \link
/mnt/data/www/EMBnet/cgi-src/Grid/php::grid/src/grid.php:29: Warning: Unexpected end of comment while inside link command

/mnt/data/www/EMBnet/cgi-src/Grid/php::grid/src/grid_config.php:9: Warning: Found unknown command `\copyright'
/mnt/data/www/EMBnet/cgi-src/Grid/php::grid/src/grid_config.php:27: Warning: Found unknown command `\copyright'
/mnt/data/www/EMBnet/cgi-src/Grid/php::grid/src/grid_config.php:28: Warning: Found unknown command `\license'
/mnt/data/www/EMBnet/cgi-src/Grid/php::grid/src/grid_config.php:31: Warning: unable to resolve link to `http://savannah.cern.ch/projects/GridGRAMM' for \link command
/mnt/data/www/EMBnet/cgi-src/Grid/php::grid/src/grid_config.php:32: Warning: Illegal command since as part of a \link
/mnt/data/www/EMBnet/cgi-src/Grid/php::grid/src/grid_config.php:33: Warning: Unexpected end of comment while inside link command

/mnt/data/www/EMBnet/cgi-src/Grid/php::grid/src/ssh.php:30: Warning: Found unknown command `\category'
/mnt/data/www/EMBnet/cgi-src/Grid/php::grid/src/ssh.php:32: Warning: Found unknown command `\copyright'
/mnt/data/www/EMBnet/cgi-src/Grid/php::grid/src/ssh.php:33: Warning: Found unknown command `\license'
/mnt/data/www/EMBnet/cgi-src/Grid/php::grid/src/ssh.php:35: Warning: unable to resolve link to `http://savannah.cern.ch/projects/GridGRAMM' for \link command
/mnt/data/www/EMBnet/cgi-src/Grid/php::grid/src/ssh.php:36: Warning: Illegal command see as part of a \link
/mnt/data/www/EMBnet/cgi-src/Grid/php::grid/src/ssh.php:37: Warning: Illegal command since as part of a \link
/mnt/data/www/EMBnet/cgi-src/Grid/php::grid/src/ssh.php:38: Warning: Unexpected end of comment while inside link command

/mnt/data/www/EMBnet/cgi-src/Grid/php::grid/src/util.php:7: Warning: Found unknown command `\copyright'
/mnt/data/www/EMBnet/cgi-src/Grid/php::grid/src/grid_config.php:39: Warning: Found unknown command `\global'
/mnt/data/www/EMBnet/cgi-src/Grid/php::grid/src/grid_config.php:54: Warning: Found unknown command `\global'
/mnt/data/www/EMBnet/cgi-src/Grid/php::grid/src/grid_config.php:61: Warning: Found unknown command `\global'
/mnt/data/www/EMBnet/cgi-src/Grid/php::grid/src/grid_config.php:69: Warning: Found unknown command `\global'
/mnt/data/www/EMBnet/cgi-src/Grid/php::grid/src/grid_config.php:75: Warning: Found unknown command `\global'
/mnt/data/www/EMBnet/cgi-src/Grid/php::grid/src/grid_config.php:81: Warning: Found unknown command `\global'
/mnt/data/www/EMBnet/cgi-src/Grid/php::grid/src/grid_config.php:87: Warning: Found unknown command `\global'
/mnt/data/www/EMBnet/cgi-src/Grid/php::grid/test/grid_config.php:39: Warning: Found unknown command `\global'
/mnt/data/www/EMBnet/cgi-src/Grid/php::grid/test/grid_config.php:54: Warning: Found unknown command `\global'
/mnt/data/www/EMBnet/cgi-src/Grid/php::grid/test/grid_config.php:61: Warning: Found unknown command `\global'
/mnt/data/www/EMBnet/cgi-src/Grid/php::grid/test/grid_config.php:69: Warning: Found unknown command `\global'
/mnt/data/www/EMBnet/cgi-src/Grid/php::grid/test/grid_config.php:75: Warning: Found unknown command `\global'
/mnt/data/www/EMBnet/cgi-src/Grid/php::grid/test/grid_config.php:81: Warning: Found unknown command `\global'
/mnt/data/www/EMBnet/cgi-src/Grid/php::grid/test/grid_config.php:87: Warning: Found unknown command `\global'
/mnt/data/www/EMBnet/cgi-src/Grid/php::grid/src/util.php:176: Warning: Found unknown command `\host'
/mnt/data/www/EMBnet/cgi-src/Grid/php::grid/test/util.php:176: Warning: Found unknown command `\host'
space member index...
Generating page index...
Generating graph info page...
Generating style sheet...
Combining RTF output...
Generating XML output...
Generating XML output for class Grid
Generating XML output for namespace Grid
Generating XML output for namespace grock
Generating XML output for namespace SExec
Generating XML output for namespace Util
Generating XML output for file src/grid.php
Generating XML output for file test/grid.php
Generating XML output for file src/grid_config.php
Generating XML output for file test/grid_config.php
Generating XML output for file grid_test.php
Generating XML output for file src/ssh.php
Generating XML output for file test/ssh.php
Generating XML output for file src/util.php
Generating XML output for file test/util.php
Generating XML output for page bug
