PHPXref 0.4.1 
(c) Gareth Watts 2003

Processing phpGrid...
Source.............: /mnt/data/www/EMBnet/cgi-src/Grid/php::grid/doc/../src
Target.............: /mnt/data/www/EMBnet/cgi-src/Grid/php::grid/doc/pXref
Scanning Tree......: OK - 5 files to process
Pass One...........: 0%..40%..60%..80%..100%
Generating Output..: 0%..40%..60%..80%..100%
Variable references: 0%..10%..20%..30%..40%..50%..60%..70%..80%..90%..100%
Function references: 0%..10%..20%..30%..40%..50%..60%..70%..80%..90%..100%
Class references...: 0%..100%
Table references...: 

Summary statistics:
Files Scanned: 5
96 variable names in 170 definitions and 1607 references.
100 function/method names in 72 definitions and 720 references.
2 class names in 3 definitions and 51 references.
0 table names in 0 references.

Local front page URL: file:///mnt/data/www/EMBnet/cgi-src/Grid/php::grid/doc/pXref/index.html

Done.
