/mnt/data/www/EMBnet/cgi-src/Grid/egTinker/src/results.php:17: Warning: namespace GridGRAMM already has a detailed description. Skipping the documentation found here.
/mnt/data/www/EMBnet/cgi-src/Grid/egTinker/src/results.php:17: Warning: namespace GridGRAMM already has a brief description. Skipping the documentation found here.
/mnt/data/www/EMBnet/cgi-src/Grid/egTinker/src/util.php:7: Warning: namespace egTINKER already has a detailed description. Skipping the documentation found here.
/mnt/data/www/EMBnet/cgi-src/Grid/egTinker/src/util.php:7: Warning: namespace egTINKER already has a brief description. Skipping the documentation found here.
Searching for include files...
Searching for example files...
Searching for images...
Searching for dot files...
Searching for files to exclude
Reading input files...
Reading and parsing tag files
Preprocessing /mnt/data/www/EMBnet/cgi-src/Grid/egTinker/src/analyze.php...
Preprocessing /mnt/data/www/EMBnet/cgi-src/Grid/egTinker/src/auth.php...
Preprocessing /mnt/data/www/EMBnet/cgi-src/Grid/egTinker/src/config.php...
Preprocessing /mnt/data/www/EMBnet/cgi-src/Grid/egTinker/src/functions.php...
Preprocessing /mnt/data/www/EMBnet/cgi-src/Grid/egTinker/src/grid.php...
Preprocessing /mnt/data/www/EMBnet/cgi-src/Grid/egTinker/src/grid_test.php...
Preprocessing /mnt/data/www/EMBnet/cgi-src/Grid/egTinker/src/processor.php...
Preprocessing /mnt/data/www/EMBnet/cgi-src/Grid/egTinker/src/remotessh.php...
Preprocessing /mnt/data/www/EMBnet/cgi-src/Grid/egTinker/src/results.php...
Preprocessing /mnt/data/www/EMBnet/cgi-src/Grid/egTinker/src/ssh-files.php...
Preprocessing /mnt/data/www/EMBnet/cgi-src/Grid/egTinker/src/ssh-pipes.php...
Preprocessing /mnt/data/www/EMBnet/cgi-src/Grid/egTinker/src/ssh.php...
Preprocessing /mnt/data/www/EMBnet/cgi-src/Grid/egTinker/src/ssh_test.php...
Preprocessing /mnt/data/www/EMBnet/cgi-src/Grid/egTinker/src/test/grid_test.php...
Preprocessing /mnt/data/www/EMBnet/cgi-src/Grid/egTinker/src/test/ssh_test.php...
Preprocessing /mnt/data/www/EMBnet/cgi-src/Grid/egTinker/src/tinkerApp.php...
Preprocessing /mnt/data/www/EMBnet/cgi-src/Grid/egTinker/src/util.php...
Read 141008 bytes
Parsing input...
Parsing file /mnt/data/www/EMBnet/cgi-src/Grid/egTinker/src/analyze.php...
Parsing file /mnt/data/www/EMBnet/cgi-src/Grid/egTinker/src/auth.php...
Parsing file /mnt/data/www/EMBnet/cgi-src/Grid/egTinker/src/config.php...
Parsing file /mnt/data/www/EMBnet/cgi-src/Grid/egTinker/src/functions.php...
Parsing file /mnt/data/www/EMBnet/cgi-src/Grid/egTinker/src/grid.php...
Parsing file /mnt/data/www/EMBnet/cgi-src/Grid/egTinker/src/grid_test.php...
Parsing file /mnt/data/www/EMBnet/cgi-src/Grid/egTinker/src/processor.php...
Parsing file /mnt/data/www/EMBnet/cgi-src/Grid/egTinker/src/remotessh.php...
Parsing file /mnt/data/www/EMBnet/cgi-src/Grid/egTinker/src/results.php...
Parsing file /mnt/data/www/EMBnet/cgi-src/Grid/egTinker/src/ssh-files.php...
Parsing file /mnt/data/www/EMBnet/cgi-src/Grid/egTinker/src/ssh-pipes.php...
Parsing file /mnt/data/www/EMBnet/cgi-src/Grid/egTinker/src/ssh.php...
Parsing file /mnt/data/www/EMBnet/cgi-src/Grid/egTinker/src/ssh_test.php...
Parsing file /mnt/data/www/EMBnet/cgi-src/Grid/egTinker/src/test/grid_test.php...
Parsing file /mnt/data/www/EMBnet/cgi-src/Grid/egTinker/src/test/ssh_test.php...
Parsing file /mnt/data/www/EMBnet/cgi-src/Grid/egTinker/src/tinkerApp.php...
Parsing file /mnt/data/www/EMBnet/cgi-src/Grid/egTinker/src/util.php...
Freeing input...
Building group list...
Building namespace list...
Building file list...
Searching for included using directives...
Building class list...
Building example list...
Searching for documented variables...
Building member list...
Searching for friends...
Searching for documented defines...
Computing template instances...
Creating members for template instances...
Computing class relations...
Searching for enumerations...
Searching for member function documentation...
Searching for members imported via using declarations...
Building page list...
Search for main page...
Sorting lists...
Freeing entry tree
Determining which enums are documented
Computing member relations...
Building full member lists recursively...
Adding members to member groups.
Computing member references...
Inheriting documentation...
Generating disk names...
Adding source references...
Adding todo/test/bug list items...
Counting data structures...
Resolving user defined references...
Combining using relations...
Finding anchors and sections in the documentation...
Generating index page...
Generating file index...
Generating example documentation...
Generating file sources...
Generating code for file analyze.php...
Generating code for file auth.php...
Generating code fo/mnt/data/www/EMBnet/cgi-src/Grid/egTinker/src/config.php:164: Warning: Found unknown command `\global'
/mnt/data/www/EMBnet/cgi-src/Grid/egTinker/src/config.php:171: Warning: Found unknown command `\global'
/mnt/data/www/EMBnet/cgi-src/Grid/egTinker/src/config.php:177: Warning: Found unknown command `\global'
/mnt/data/www/EMBnet/cgi-src/Grid/egTinker/src/config.php:37: Warning: Found unknown command `\global'
/mnt/data/www/EMBnet/cgi-src/Grid/egTinker/src/config.php:109: Warning: Found unknown command `\global'
/mnt/data/www/EMBnet/cgi-src/Grid/egTinker/src/config.php:119: Warning: Found unknown command `\global'
/mnt/data/www/EMBnet/cgi-src/Grid/egTinker/src/config.php:25: Warning: Found unknown command `\global'
/mnt/data/www/EMBnet/cgi-src/Grid/egTinker/src/config.php:99: Warning: Found unknown command `\global'
/mnt/data/www/EMBnet/cgi-src/Grid/egTinker/src/config.php:171: Warning: Found unknown command `\global'
/mnt/data/www/EMBnet/cgi-src/Grid/egTinker/src/config.php:183: Warning: Found unknown command `\global'
/mnt/data/www/EMBnet/cgi-src/Grid/egTinker/src/config.php:177: Warning: Found unknown command `\global'
/mnt/data/www/EMBnet/cgi-src/Grid/egTinker/src/config.php:164: Warning: Found unknown command `\global'
/mnt/data/www/EMBnet/cgi-src/Grid/egTinker/src/config.php:92: Warning: Found unknown command `\global'
/mnt/data/www/EMBnet/cgi-src/Grid/egTinker/src/config.php:16: Warning: Found unknown command `\global'
/mnt/data/www/EMBnet/cgi-src/Grid/egTinker/src/config.php:197: Warning: Found unknown command `\global'
/mnt/data/www/EMBnet/cgi-src/Grid/egTinker/src/config.php:67: Warning: Found unknown command `\global'
/mnt/data/www/EMBnet/cgi-src/Grid/egTinker/src/functions.php:79: Warning: The following parameters of go_to_work($user_wd_path,$options) are not documented:
  parameter options

/mnt/data/www/EMBnet/cgi-src/Grid/egTinker/src/results.php:31: Warning: Found unknown command `\global'
/mnt/data/www/EMBnet/cgi-src/Grid/egTinker/src/util.php:159: Warning: Found unknown command `\host'
/mnt/data/www/EMBnet/cgi-src/Grid/egTinker/src/grid.php:947: Warning: argument `pipes' of command @param is not found in the argument list of Grid::destroy()
/mnt/data/www/EMBnet/cgi-src/Grid/egTinker/src/grid.php:305: Warning: argument `work_dir' of command @param is not found in the argument list of Grid::set_work_dir($wd)
/mnt/data/www/EMBnet/cgi-src/Grid/egTinker/src/grid.php:305: Warning: The following parameters of Grid::set_work_dir($wd) are not documented:
  parameter wd

/mnt/data/www/EMBnet/cgi-src/Grid/egTinker/src/ssh-pipes.php:165: Warning: Found unknown command `\parm'
/mnt/data/www/EMBnet/cgi-src/Grid/egTinker/src/ssh-pipes.php:144: Warning: The following parameters of SExec::ssh_copy($origin,$destination,$password) are not documented:
  parameter password

/mnt/data/www/EMBnet/cgi-src/Grid/egTinker/src/ssh-files.php:165: Warning: Found unknown command `\parm'
/mnt/data/www/EMBnet/cgi-src/Grid/egTinker/src/ssh-files.php:144: Warning: The following parameters of SExec::ssh_copy($origin,$destination,$password) are not documented:
  parameter password

/mnt/data/www/EMBnet/cgi-src/Grid/egTinker/src/ssh-pipes.php:103: Warning: Found unknown command `\host'
/mnt/data/www/EMBnet/cgi-src/Grid/egTinker/src/ssh-pipes.php:88: Warning: argument `output' of command @param is not found in the argument list of SExec::ssh_exec($remote,$password,$command,&$out)
/mnt/data/www/EMBnet/cgi-src/Grid/egTinker/src/ssh-pipes.php:88: Warning: The following parameters of SExec::ssh_exec($remote,$password,$command,&$out) are not documented:
  parameter out

/mnt/data/www/EMBnet/cgi-src/Grid/egTinker/src/ssh-files.php:103: Warning: Found unknown command `\host'
/mnt/data/www/EMBnet/cgi-src/Grid/egTinker/src/ssh-files.php:88: Warning: argument `output' of command @param is not found in the argument list of SExec::ssh_exec($remote,$password,$command,&$out)
/mnt/data/www/EMBnet/cgi-src/Grid/egTinker/src/ssh-files.php:88: Warning: The following parameters of SExec::ssh_exec($remote,$password,$command,&$out) are not documented:
  parameter out

/mnt/data/www/EMBnet/cgi-src/Grid/egTinker/src/ssh-pipes.php:205: Warning: Found unknown command `\host'
/mnt/data/www/EMBnet/cgi-src/Grid/egTinker/src/ssh-files.php:205: Warning: Found unknown command `\host'
/mnt/data/www/EMBnet/cgi-src/Grid/egTinker/src/ssh-pipes.php:40: Warning: Found unknown command `\host'
/mnt/data/www/EMBnet/cgi-src/Grid/egTinker/src/ssh-files.php:40: Warning: Found unknown command `\host'
/mnt/data/www/EMBnet/cgi-src/Grid/egTinker/src/functions.php:8: Warning: Found unknown command `\copyright'
/mnt/data/www/EMBnet/cgi-src/Grid/egTinker/src/processor.php:25: Warning: unable to resolve link to `http://reco3.ams.sunysb.edu/gramm/' for \link command
/mnt/data/www/EMBnet/cgi-src/Grid/egTinker/src/processor.php:28: Warning: Found unknown command `\copyright'
/mnt/data/www/EMBnet/cgi-src/Grid/egTinker/src/config.php:3: Warning: Found unknown command `\copyright'
/mnt/data/www/EMBnet/cgi-src/Grid/egTinker/src/grid.php:305: Warning: argument `work_dir' of command @param is not found in the argument list of Grid::set_work_dir($wd)
/mnt/data/www/EMBnet/cgi-src/Grid/egTinker/src/grid.php:305: Warning: The following parameters of Grid::set_work_dir($wd) are not documented:
  parameter wd

/mnt/data/www/EMBnet/cgi-src/Grid/egTinker/src/grid.php:947: Warning: argument `pipes' of command @param is not found in the argument list of Grid::destroy()
/mnt/data/www/EMBnet/cgi-src/Grid/egTinker/src/ssh-files.php:40: Warning: Found unknown command `\host'
/mnt/data/www/EMBnet/cgi-src/Grid/egTinker/src/ssh-files.php:103: Warning: Found unknown command `\host'
/mnt/data/www/EMBnet/cgi-src/Grid/egTinker/src/ssh-files.php:88: Warning: argument `output' of command @param is not found in the argument list of SExec::ssh_exec($remote,$password,$command,&$out)
/mnt/data/www/EMBnet/cgi-src/Grid/egTinker/src/ssh-files.php:88: Warning: The following parameters of SExec::ssh_exec($remote,$password,$command,&$out) are not documented:
  parameter out

/mnt/data/www/EMBnet/cgi-src/Grid/egTinker/src/ssh-files.php:165: Warning: Found unknown command `\parm'
/mnt/data/www/EMBnet/cgi-src/Grid/egTinker/src/ssh-files.php:144: Warning: The following parameters of SExec::ssh_copy($origin,$destination,$password) are not documented:
  parameter password

/mnt/data/www/EMBnet/cgi-src/Grid/egTinker/src/ssh-files.php:205: Warning: Found unknown command `\host'
/mnt/data/www/EMBnet/cgi-src/Grid/egTinker/src/ssh-pipes.php:40: Warning: Found unknown command `\host'
/mnt/data/www/EMBnet/cgi-src/Grid/egTinker/src/ssh-pipes.php:103: Warning: Found unknown command `\host'
/mnt/data/www/EMBnet/cgi-src/Grid/egTinker/src/ssh-pipes.php:88: Warning: argument `output' of command @param is not found in the argument list of SExec::ssh_exec($remote,$password,$command,&$out)
/mnt/data/www/EMBnet/cgi-src/Grid/egTinker/src/ssh-pipes.php:88: Warning: The following parameters of SExec::ssh_exec($remote,$password,$command,&$out) are not documented:
  parameter out

/mnt/data/www/EMBnet/cgi-src/Grid/egTinker/src/ssh-pipes.php:165: Warning: Found unknown command `\parm'
/mnt/data/www/EMBnet/cgi-src/Grid/egTinker/src/ssh-pipes.php:144: Warning: The following parameters of SExec::ssh_copy($origin,$destination,$password) are not documented:
  parameter password

/mnt/data/www/EMBnet/cgi-src/Grid/egTinker/src/ssh-pipes.php:205: Warning: Found unknown command `\host'
/mnt/data/www/EMBnet/cgi-src/Grid/egTinker/src/functions.php:8: Warning: Found unknown command `\copyright'
/mnt/data/www/EMBnet/cgi-src/Grid/egTinker/src/processor.php:25: Warning: unable to resolve link to `http://reco3.ams.sunysb.edu/gramm/' for \link command
/mnt/data/www/EMBnet/cgi-src/Grid/egTinker/src/processor.php:28: Warning: Found unknown command `\copyright'
/mnt/data/www/EMBnet/cgi-src/Grid/egTinker/src/config.php:3: Warning: Found unknown command `\copyright'
/mnt/data/www/EMBnet/cgi-src/Grid/egTinker/src/config.php:16: Warning: Found unknown command `\global'
/mnt/data/www/EMBnet/cgi-src/Grid/egTinker/src/config.php:25: Warning: Found unknown command `\global'
/mnt/data/www/EMBnet/cgi-src/Grid/egTinker/src/config.php:37: Warning: Found unknown command `\global'
/mnt/data/www/EMBnet/cgi-src/Grid/egTinker/src/config.php:67: Warning: Found unknown command `\global'
/mnt/data/www/EMBnet/cgi-src/Grid/egTinker/src/config.php:92: Warning: Found unknown command `\global'
/mnt/data/www/EMBnet/cgi-src/Grid/egTinker/src/config.php:99: Warning: Found unknown command `\global'
/mnt/data/www/EMBnet/cgi-src/Grid/egTinker/src/config.php:109: Warning: Found unknown command `\global'
/mnt/data/www/EMBnet/cgi-src/Grid/egTinker/src/config.php:119: Warning: Found unknown command `\global'
/mnt/data/www/EMBnet/cgi-src/Grid/egTinker/src/config.php:164: Warning: Found unknown command `\global'
/mnt/data/www/EMBnet/cgi-src/Grid/egTinker/src/config.php:171: Warning: Found unknown command `\global'
/mnt/data/www/EMBnet/cgi-src/Grid/egTinker/src/config.php:177: Warning: Found unknown command `\global'
/mnt/data/www/EMBnet/cgi-src/Grid/egTinker/src/config.php:183: Warning: Found unknown command `\global'
/mnt/data/www/EMBnet/cgi-src/Grid/egTinker/src/config.php:197: Warning: Found unknown command `\global'
/mnt/data/www/EMBnet/cgi-src/Grid/egTinker/src/functions.php:79: Warning: The following parameters of go_to_work($user_wd_path,$options) are not documented:
  parameter options

/mnt/data/www/EMBnet/cgi-src/Grid/egTinker/src/results.php:31: Warning: Found unknown command `\global'
/mnt/data/www/EMBnet/cgi-src/Grid/egTinker/src/util.php:159: Warning: Found unknown command `\host'
r file config.php...
Generating code for file functions.php...
Generating code for file grid.php...
Generating code for file grid_test.php...
Generating code for file grid_test.php...
Generating code for file processor.php...
Generating code for file remotessh.php...
Generating code for file results.php...
Generating code for file ssh-files.php...
Generating code for file ssh-pipes.php...
Generating code for file ssh.php...
Generating code for file ssh_test.php...
Generating code for file ssh_test.php...
Generating code for file tinkerApp.php...
Generating code for file util.php...
Generating file documentation...
Generating docs for file analyze.php...
Generating docs for file auth.php...
Generating docs for file config.php...
Generating docs for file functions.php...
Generating docs for file grid.php...
Generating docs for file grid_test.php...
Generating docs for file grid_test.php...
Generating docs for file processor.php...
Generating docs for file remotessh.php...
Generating docs for file results.php...
Generating docs for file ssh-files.php...
Generating docs for file ssh-pipes.php...
Generating docs for file ssh.php...
Generating docs for file ssh_test.php...
Generating docs for file ssh_test.php...
Generating docs for file tinkerApp.php...
Generating docs for file util.php...
Generating class documentation...
Generating annotated compound index...
Generating alphabetical compound index...
Generating hierarchical class index...
Generating member index...
Generating docs for compound Grid...
Generating docs for compound SExec...
Generating docs for compound TinkerApp...
Generating page documentation...
Generating group documentation...
Generating namespace index...
Generating docs for namespace egTINKER
Generating docs for namespace GridGRAMM
Generating docs for namespace TINKER
Generating group index...
Generating example index...
Generating file member index...
Generating namespace member index...
Generating page index...
Generating graph info page...
Generating style sheet...
Combining RTF output...
Generating XML output...
Generating XML output for class Grid
Generating XML output for class SExec
Generating XML output for class TinkerApp
Generating XML output for namespace egTINKER
Generating XML output for namespace GridGRAMM
Generating XML output for namespace TINKER
Generating XML output for file analyze.php
Generating XML output for file auth.php
Generating XML output for file config.php
Generating XML output for file functions.php
Generating XML output for file grid.php
Generating XML output for file grid_test.php
Generating XML output for file test/grid_test.php
Generating XML output for file processor.php
Generating XML output for file remotessh.php
Generating XML output for file results.php
Generating XML output for file ssh-files.php
Generating XML output for file ssh-pipes.php
Generating XML output for file ssh.php
Generating XML output for file ssh_test.php
Generating XML output for file test/ssh_test.php
Generating XML output for file tinkerApp.php
Generating XML output for file util.php
